{"numFailedTestSuites":9,"numFailedTests":66,"numPassedTestSuites":0,"numPassedTests":33,"numPendingTestSuites":0,"numPendingTests":0,"numRuntimeErrorTestSuites":0,"numTodoTests":0,"numTotalTestSuites":9,"numTotalTests":99,"openHandles":[],"snapshot":{"added":0,"didUpdate":false,"failure":false,"filesAdded":0,"filesRemoved":0,"filesRemovedList":[],"filesUnmatched":0,"filesUpdated":0,"matched":0,"total":0,"unchecked":0,"uncheckedKeysByFile":[],"unmatched":0,"updated":0},"startTime":1772716004439,"success":false,"testResults":[{"assertionResults":[{"ancestorTitles":["WhatsApp Parser","Date Parsing"],"duration":20,"failureDetails":[],"failureMessages":[],"fullName":"WhatsApp Parser Date Parsing should parse DD/MM/YYYY, HH:MM format","invocations":1,"location":null,"numPassingAsserts":4,"retryReasons":[],"status":"passed","title":"should parse DD/MM/YYYY, HH:MM format"},{"ancestorTitles":["WhatsApp Parser","Date Parsing"],"duration":2,"failureDetails":[],"failureMessages":[],"fullName":"WhatsApp Parser Date Parsing should parse DD/MM/YY, HH:MM format","invocations":1,"location":null,"numPassingAsserts":2,"retryReasons":[],"status":"passed","title":"should parse DD/MM/YY, HH:MM format"},{"ancestorTitles":["WhatsApp Parser","Date Parsing"],"duration":0,"failureDetails":[],"failureMessages":[],"fullName":"WhatsApp Parser Date Parsing should parse MM/DD/YYYY format (US)","invocations":1,"location":null,"numPassingAsserts":1,"retryReasons":[],"status":"passed","title":"should parse MM/DD/YYYY format (US)"},{"ancestorTitles":["WhatsApp Parser","Message Parsing"],"duration":4,"failureDetails":[],"failureMessages":[],"fullName":"WhatsApp Parser Message Parsing should parse standard WhatsApp format","invocations":1,"location":null,"numPassingAsserts":8,"retryReasons":[],"status":"passed","title":"should parse standard WhatsApp format"},{"ancestorTitles":["WhatsApp Parser","Message Parsing"],"duration":6,"failureDetails":[],"failureMessages":[],"fullName":"WhatsApp Parser Message Parsing should handle multiline messages","invocations":1,"location":null,"numPassingAsserts":4,"retryReasons":[],"status":"passed","title":"should handle multiline messages"},{"ancestorTitles":["WhatsApp Parser","Message Parsing"],"duration":4,"failureDetails":[],"failureMessages":[],"fullName":"WhatsApp Parser Message Parsing should handle messages with special characters","invocations":1,"location":null,"numPassingAsserts":4,"retryReasons":[],"status":"passed","title":"should handle messages with special characters"},{"ancestorTitles":["WhatsApp Parser","Message Parsing"],"duration":1,"failureDetails":[],"failureMessages":[],"fullName":"WhatsApp Parser Message Parsing should handle system messages","invocations":1,"location":null,"numPassingAsserts":1,"retryReasons":[],"status":"passed","title":"should handle system messages"},{"ancestorTitles":["WhatsApp Parser","Message Parsing"],"duration":21,"failureDetails":[{"matcherResult":{"actual":"System","expected":"John","message":"\u001b[2mexpect(\u001b[22m\u001b[31mreceived\u001b[39m\u001b[2m).\u001b[22mtoBe\u001b[2m(\u001b[22m\u001b[32mexpected\u001b[39m\u001b[2m) // Object.is equality\u001b[22m\n\nExpected: \u001b[32m\"John\"\u001b[39m\nReceived: \u001b[31m\"System\"\u001b[39m","name":"toBe","pass":false}}],"failureMessages":["Error: \u001b[2mexpect(\u001b[22m\u001b[31mreceived\u001b[39m\u001b[2m).\u001b[22mtoBe\u001b[2m(\u001b[22m\u001b[32mexpected\u001b[39m\u001b[2m) // Object.is equality\u001b[22m\n\nExpected: \u001b[32m\"John\"\u001b[39m\nReceived: \u001b[31m\"System\"\u001b[39m\n    at toBe (D:\\Echolink\\backend\\tests\\parser.test.js:90:44)\n    at Array.forEach (<anonymous>)\n    at Object.forEach (D:\\Echolink\\backend\\tests\\parser.test.js:87:21)\n    at Promise.then.completed (D:\\Echolink\\backend\\node_modules\\jest-circus\\build\\utils.js:298:28)\n    at new Promise (<anonymous>)\n    at callAsyncCircusFn (D:\\Echolink\\backend\\node_modules\\jest-circus\\build\\utils.js:231:10)\n    at _callCircusTest (D:\\Echolink\\backend\\node_modules\\jest-circus\\build\\run.js:316:40)\n    at processTicksAndRejections (node:internal/process/task_queues:105:5)\n    at _runTest (D:\\Echolink\\backend\\node_modules\\jest-circus\\build\\run.js:252:3)\n    at _runTestsForDescribeBlock (D:\\Echolink\\backend\\node_modules\\jest-circus\\build\\run.js:126:9)\n    at _runTestsForDescribeBlock (D:\\Echolink\\backend\\node_modules\\jest-circus\\build\\run.js:121:9)\n    at _runTestsForDescribeBlock (D:\\Echolink\\backend\\node_modules\\jest-circus\\build\\run.js:121:9)\n    at run (D:\\Echolink\\backend\\node_modules\\jest-circus\\build\\run.js:71:3)\n    at runAndTransformResultsToJestFormat (D:\\Echolink\\backend\\node_modules\\jest-circus\\build\\legacy-code-todo-rewrite\\jestAdapterInit.js:122:21)\n    at jestAdapter (D:\\Echolink\\backend\\node_modules\\jest-circus\\build\\legacy-code-todo-rewrite\\jestAdapter.js:79:19)\n    at runTestInternal (D:\\Echolink\\backend\\node_modules\\jest-runner\\build\\runTest.js:367:16)\n    at runTest (D:\\Echolink\\backend\\node_modules\\jest-runner\\build\\runTest.js:444:34)\n    at Object.worker (D:\\Echolink\\backend\\node_modules\\jest-runner\\build\\testWorker.js:106:12)"],"fullName":"WhatsApp Parser Message Parsing should handle different date formats","invocations":1,"location":null,"numPassingAsserts":5,"retryReasons":[],"status":"failed","title":"should handle different date formats"},{"ancestorTitles":["WhatsApp Parser","Message Parsing"],"duration":8,"failureDetails":[{"matcherResult":{"actual":[{"text":"Random text without format","sender":"System","datetime":{}}],"expected":[],"message":"\u001b[2mexpect(\u001b[22m\u001b[31mreceived\u001b[39m\u001b[2m).\u001b[22mtoEqual\u001b[2m(\u001b[22m\u001b[32mexpected\u001b[39m\u001b[2m) // deep equality\u001b[22m\n\n\u001b[32m- Expected  - 1\u001b[39m\n\u001b[31m+ Received  + 7\u001b[39m\n\n\u001b[32m- Array []\u001b[39m\n\u001b[31m+ Array [\u001b[39m\n\u001b[31m+   Object {\u001b[39m\n\u001b[31m+     \"datetime\": 2026-03-05T13:06:52.699Z,\u001b[39m\n\u001b[31m+     \"sender\": \"System\",\u001b[39m\n\u001b[31m+     \"text\": \"Random text without format\",\u001b[39m\n\u001b[31m+   },\u001b[39m\n\u001b[31m+ ]\u001b[39m","name":"toEqual","pass":false}}],"failureMessages":["Error: \u001b[2mexpect(\u001b[22m\u001b[31mreceived\u001b[39m\u001b[2m).\u001b[22mtoEqual\u001b[2m(\u001b[22m\u001b[32mexpected\u001b[39m\u001b[2m) // deep equality\u001b[22m\n\n\u001b[32m- Expected  - 1\u001b[39m\n\u001b[31m+ Received  + 7\u001b[39m\n\n\u001b[32m- Array []\u001b[39m\n\u001b[31m+ Array [\u001b[39m\n\u001b[31m+   Object {\u001b[39m\n\u001b[31m+     \"datetime\": 2026-03-05T13:06:52.699Z,\u001b[39m\n\u001b[31m+     \"sender\": \"System\",\u001b[39m\n\u001b[31m+     \"text\": \"Random text without format\",\u001b[39m\n\u001b[31m+   },\u001b[39m\n\u001b[31m+ ]\u001b[39m\n    at Object.toEqual (D:\\Echolink\\backend\\tests\\parser.test.js:96:65)\n    at Promise.then.completed (D:\\Echolink\\backend\\node_modules\\jest-circus\\build\\utils.js:298:28)\n    at new Promise (<anonymous>)\n    at callAsyncCircusFn (D:\\Echolink\\backend\\node_modules\\jest-circus\\build\\utils.js:231:10)\n    at _callCircusTest (D:\\Echolink\\backend\\node_modules\\jest-circus\\build\\run.js:316:40)\n    at processTicksAndRejections (node:internal/process/task_queues:105:5)\n    at _runTest (D:\\Echolink\\backend\\node_modules\\jest-circus\\build\\run.js:252:3)\n    at _runTestsForDescribeBlock (D:\\Echolink\\backend\\node_modules\\jest-circus\\build\\run.js:126:9)\n    at _runTestsForDescribeBlock (D:\\Echolink\\backend\\node_modules\\jest-circus\\build\\run.js:121:9)\n    at _runTestsForDescribeBlock (D:\\Echolink\\backend\\node_modules\\jest-circus\\build\\run.js:121:9)\n    at run (D:\\Echolink\\backend\\node_modules\\jest-circus\\build\\run.js:71:3)\n    at runAndTransformResultsToJestFormat (D:\\Echolink\\backend\\node_modules\\jest-circus\\build\\legacy-code-todo-rewrite\\jestAdapterInit.js:122:21)\n    at jestAdapter (D:\\Echolink\\backend\\node_modules\\jest-circus\\build\\legacy-code-todo-rewrite\\jestAdapter.js:79:19)\n    at runTestInternal (D:\\Echolink\\backend\\node_modules\\jest-runner\\build\\runTest.js:367:16)\n    at runTest (D:\\Echolink\\backend\\node_modules\\jest-runner\\build\\runTest.js:444:34)\n    at Object.worker (D:\\Echolink\\backend\\node_modules\\jest-runner\\build\\testWorker.js:106:12)"],"fullName":"WhatsApp Parser Message Parsing should handle empty or invalid input","invocations":1,"location":null,"numPassingAsserts":1,"retryReasons":[],"status":"failed","title":"should handle empty or invalid input"},{"ancestorTitles":["WhatsApp Parser","Message Parsing"],"duration":0,"failureDetails":[],"failureMessages":[],"fullName":"WhatsApp Parser Message Parsing should handle messages with colons in content","invocations":1,"location":null,"numPassingAsserts":3,"retryReasons":[],"status":"passed","title":"should handle messages with colons in content"},{"ancestorTitles":["WhatsApp Parser","Real-world Sample"],"duration":1,"failureDetails":[],"failureMessages":[],"fullName":"WhatsApp Parser Real-world Sample should parse the sample_whatsapp.txt format","invocations":1,"location":null,"numPassingAsserts":6,"retryReasons":[],"status":"passed","title":"should parse the sample_whatsapp.txt format"},{"ancestorTitles":["WhatsApp Parser","Edge Cases"],"duration":1,"failureDetails":[],"failureMessages":[],"fullName":"WhatsApp Parser Edge Cases should handle messages with just emojis","invocations":1,"location":null,"numPassingAsserts":2,"retryReasons":[],"status":"passed","title":"should handle messages with just emojis"},{"ancestorTitles":["WhatsApp Parser","Edge Cases"],"duration":0,"failureDetails":[],"failureMessages":[],"fullName":"WhatsApp Parser Edge Cases should handle very long messages","invocations":1,"location":null,"numPassingAsserts":2,"retryReasons":[],"status":"passed","title":"should handle very long messages"},{"ancestorTitles":["WhatsApp Parser","Edge Cases"],"duration":1,"failureDetails":[],"failureMessages":[],"fullName":"WhatsApp Parser Edge Cases should handle messages with attachment indicators","invocations":1,"location":null,"numPassingAsserts":1,"retryReasons":[],"status":"passed","title":"should handle messages with attachment indicators"}],"endTime":1772716012748,"message":"\u001b[1m\u001b[31m  \u001b[1m● \u001b[22m\u001b[1mWhatsApp Parser › Message Parsing › should handle different date formats\u001b[39m\u001b[22m\n\n    \u001b[2mexpect(\u001b[22m\u001b[31mreceived\u001b[39m\u001b[2m).\u001b[22mtoBe\u001b[2m(\u001b[22m\u001b[32mexpected\u001b[39m\u001b[2m) // Object.is equality\u001b[22m\n\n    Expected: \u001b[32m\"John\"\u001b[39m\n    Received: \u001b[31m\"System\"\u001b[39m\n\u001b[2m\u001b[22m\n\u001b[2m    \u001b[0m \u001b[90m 88 |\u001b[39m                 \u001b[36mconst\u001b[39m messages \u001b[33m=\u001b[39m parseWhatsApp(text)\u001b[33m;\u001b[39m\u001b[22m\n\u001b[2m     \u001b[90m 89 |\u001b[39m                 expect(messages\u001b[33m.\u001b[39mlength)\u001b[33m.\u001b[39mtoBeGreaterThan(\u001b[35m0\u001b[39m)\u001b[33m;\u001b[39m\u001b[22m\n\u001b[2m    \u001b[31m\u001b[1m>\u001b[22m\u001b[2m\u001b[39m\u001b[90m 90 |\u001b[39m                 expect(messages[\u001b[35m0\u001b[39m]\u001b[33m.\u001b[39msender)\u001b[33m.\u001b[39mtoBe(\u001b[32m'John'\u001b[39m)\u001b[33m;\u001b[39m\u001b[22m\n\u001b[2m     \u001b[90m    |\u001b[39m                                            \u001b[31m\u001b[1m^\u001b[22m\u001b[2m\u001b[39m\u001b[22m\n\u001b[2m     \u001b[90m 91 |\u001b[39m             })\u001b[33m;\u001b[39m\u001b[22m\n\u001b[2m     \u001b[90m 92 |\u001b[39m         })\u001b[33m;\u001b[39m\u001b[22m\n\u001b[2m     \u001b[90m 93 |\u001b[39m\u001b[0m\u001b[22m\n\u001b[2m\u001b[22m\n\u001b[2m      \u001b[2mat toBe (\u001b[22m\u001b[2m\u001b[0m\u001b[36mtests/parser.test.js\u001b[39m\u001b[0m\u001b[2m:90:44)\u001b[22m\u001b[2m\u001b[22m\n\u001b[2m          at Array.forEach (<anonymous>)\u001b[22m\n\u001b[2m      \u001b[2mat Object.forEach (\u001b[22m\u001b[2m\u001b[0m\u001b[36mtests/parser.test.js\u001b[39m\u001b[0m\u001b[2m:87:21)\u001b[22m\u001b[2m\u001b[22m\n\n\u001b[1m\u001b[31m  \u001b[1m● \u001b[22m\u001b[1mWhatsApp Parser › Message Parsing › should handle empty or invalid input\u001b[39m\u001b[22m\n\n    \u001b[2mexpect(\u001b[22m\u001b[31mreceived\u001b[39m\u001b[2m).\u001b[22mtoEqual\u001b[2m(\u001b[22m\u001b[32mexpected\u001b[39m\u001b[2m) // deep equality\u001b[22m\n\n    \u001b[32m- Expected  - 1\u001b[39m\n    \u001b[31m+ Received  + 7\u001b[39m\n\n    \u001b[32m- Array []\u001b[39m\n    \u001b[31m+ Array [\u001b[39m\n    \u001b[31m+   Object {\u001b[39m\n    \u001b[31m+     \"datetime\": 2026-03-05T13:06:52.699Z,\u001b[39m\n    \u001b[31m+     \"sender\": \"System\",\u001b[39m\n    \u001b[31m+     \"text\": \"Random text without format\",\u001b[39m\n    \u001b[31m+   },\u001b[39m\n    \u001b[31m+ ]\u001b[39m\n\u001b[2m\u001b[22m\n\u001b[2m    \u001b[0m \u001b[90m 94 |\u001b[39m         it(\u001b[32m'should handle empty or invalid input'\u001b[39m\u001b[33m,\u001b[39m () \u001b[33m=>\u001b[39m {\u001b[22m\n\u001b[2m     \u001b[90m 95 |\u001b[39m             expect(parseWhatsApp(\u001b[32m''\u001b[39m))\u001b[33m.\u001b[39mtoEqual([])\u001b[33m;\u001b[39m\u001b[22m\n\u001b[2m    \u001b[31m\u001b[1m>\u001b[22m\u001b[2m\u001b[39m\u001b[90m 96 |\u001b[39m             expect(parseWhatsApp(\u001b[32m'Random text without format'\u001b[39m))\u001b[33m.\u001b[39mtoEqual([])\u001b[33m;\u001b[39m\u001b[22m\n\u001b[2m     \u001b[90m    |\u001b[39m                                                                 \u001b[31m\u001b[1m^\u001b[22m\u001b[2m\u001b[39m\u001b[22m\n\u001b[2m     \u001b[90m 97 |\u001b[39m             expect(parseWhatsApp(\u001b[36mnull\u001b[39m))\u001b[33m.\u001b[39mtoEqual([])\u001b[33m;\u001b[39m\u001b[22m\n\u001b[2m     \u001b[90m 98 |\u001b[39m             expect(parseWhatsApp(undefined))\u001b[33m.\u001b[39mtoEqual([])\u001b[33m;\u001b[39m\u001b[22m\n\u001b[2m     \u001b[90m 99 |\u001b[39m         })\u001b[33m;\u001b[39m\u001b[0m\u001b[22m\n\u001b[2m\u001b[22m\n\u001b[2m      \u001b[2mat Object.toEqual (\u001b[22m\u001b[2m\u001b[0m\u001b[36mtests/parser.test.js\u001b[39m\u001b[0m\u001b[2m:96:65)\u001b[22m\u001b[2m\u001b[22m\n","name":"D:\\Echolink\\backend\\tests\\parser.test.js","startTime":1772716004887,"status":"failed","summary":""},{"assertionResults":[{"ancestorTitles":["Full Integration Test: Upload → Index → Search → Graph","Phase 1: Authentication"],"duration":278,"failureDetails":[],"failureMessages":[],"fullName":"Full Integration Test: Upload → Index → Search → Graph Phase 1: Authentication should register a new user","invocations":1,"location":null,"numPassingAsserts":3,"retryReasons":[],"status":"passed","title":"should register a new user"},{"ancestorTitles":["Full Integration Test: Upload → Index → Search → Graph","Phase 1: Authentication"],"duration":26,"failureDetails":[{}],"failureMessages":["Error: expected 200 \"OK\", got 401 \"Unauthorized\"\n    at Object.expect (D:\\Echolink\\backend\\tests\\integration.test.js:46:18)\n    at Promise.then.completed (D:\\Echolink\\backend\\node_modules\\jest-circus\\build\\utils.js:298:28)\n    at new Promise (<anonymous>)\n    at callAsyncCircusFn (D:\\Echolink\\backend\\node_modules\\jest-circus\\build\\utils.js:231:10)\n    at _callCircusTest (D:\\Echolink\\backend\\node_modules\\jest-circus\\build\\run.js:316:40)\n    at processTicksAndRejections (node:internal/process/task_queues:105:5)\n    at _runTest (D:\\Echolink\\backend\\node_modules\\jest-circus\\build\\run.js:252:3)\n    at _runTestsForDescribeBlock (D:\\Echolink\\backend\\node_modules\\jest-circus\\build\\run.js:126:9)\n    at _runTestsForDescribeBlock (D:\\Echolink\\backend\\node_modules\\jest-circus\\build\\run.js:121:9)\n    at _runTestsForDescribeBlock (D:\\Echolink\\backend\\node_modules\\jest-circus\\build\\run.js:121:9)\n    at run (D:\\Echolink\\backend\\node_modules\\jest-circus\\build\\run.js:71:3)\n    at runAndTransformResultsToJestFormat (D:\\Echolink\\backend\\node_modules\\jest-circus\\build\\legacy-code-todo-rewrite\\jestAdapterInit.js:122:21)\n    at jestAdapter (D:\\Echolink\\backend\\node_modules\\jest-circus\\build\\legacy-code-todo-rewrite\\jestAdapter.js:79:19)\n    at runTestInternal (D:\\Echolink\\backend\\node_modules\\jest-runner\\build\\runTest.js:367:16)\n    at runTest (D:\\Echolink\\backend\\node_modules\\jest-runner\\build\\runTest.js:444:34)\n    at Object.worker (D:\\Echolink\\backend\\node_modules\\jest-runner\\build\\testWorker.js:106:12)\n----\n    at Test._assertStatus (D:\\Echolink\\backend\\node_modules\\supertest\\lib\\test.js:252:14)\n    at D:\\Echolink\\backend\\node_modules\\supertest\\lib\\test.js:308:13\n    at Test._assertFunction (D:\\Echolink\\backend\\node_modules\\supertest\\lib\\test.js:285:13)\n    at Test.assert (D:\\Echolink\\backend\\node_modules\\supertest\\lib\\test.js:164:23)\n    at Server.localAssert (D:\\Echolink\\backend\\node_modules\\supertest\\lib\\test.js:120:14)\n    at Object.onceWrapper (node:events:632:28)\n    at Server.emit (node:events:518:28)\n    at emitCloseNT (node:net:2419:8)\n    at processTicksAndRejections (node:internal/process/task_queues:89:21)"],"fullName":"Full Integration Test: Upload → Index → Search → Graph Phase 1: Authentication should login with credentials","invocations":1,"location":null,"numPassingAsserts":0,"retryReasons":[],"status":"failed","title":"should login with credentials"},{"ancestorTitles":["Full Integration Test: Upload → Index → Search → Graph","Phase 2: Upload & Parse"],"duration":18,"failureDetails":[{}],"failureMessages":["Error: expected 200 \"OK\", got 401 \"Unauthorized\"\n    at Object.expect (D:\\Echolink\\backend\\tests\\integration.test.js:66:18)\n    at Promise.then.completed (D:\\Echolink\\backend\\node_modules\\jest-circus\\build\\utils.js:298:28)\n    at new Promise (<anonymous>)\n    at callAsyncCircusFn (D:\\Echolink\\backend\\node_modules\\jest-circus\\build\\utils.js:231:10)\n    at _callCircusTest (D:\\Echolink\\backend\\node_modules\\jest-circus\\build\\run.js:316:40)\n    at processTicksAndRejections (node:internal/process/task_queues:105:5)\n    at _runTest (D:\\Echolink\\backend\\node_modules\\jest-circus\\build\\run.js:252:3)\n    at _runTestsForDescribeBlock (D:\\Echolink\\backend\\node_modules\\jest-circus\\build\\run.js:126:9)\n    at _runTestsForDescribeBlock (D:\\Echolink\\backend\\node_modules\\jest-circus\\build\\run.js:121:9)\n    at _runTestsForDescribeBlock (D:\\Echolink\\backend\\node_modules\\jest-circus\\build\\run.js:121:9)\n    at run (D:\\Echolink\\backend\\node_modules\\jest-circus\\build\\run.js:71:3)\n    at runAndTransformResultsToJestFormat (D:\\Echolink\\backend\\node_modules\\jest-circus\\build\\legacy-code-todo-rewrite\\jestAdapterInit.js:122:21)\n    at jestAdapter (D:\\Echolink\\backend\\node_modules\\jest-circus\\build\\legacy-code-todo-rewrite\\jestAdapter.js:79:19)\n    at runTestInternal (D:\\Echolink\\backend\\node_modules\\jest-runner\\build\\runTest.js:367:16)\n    at runTest (D:\\Echolink\\backend\\node_modules\\jest-runner\\build\\runTest.js:444:34)\n    at Object.worker (D:\\Echolink\\backend\\node_modules\\jest-runner\\build\\testWorker.js:106:12)\n----\n    at Test._assertStatus (D:\\Echolink\\backend\\node_modules\\supertest\\lib\\test.js:252:14)\n    at D:\\Echolink\\backend\\node_modules\\supertest\\lib\\test.js:308:13\n    at Test._assertFunction (D:\\Echolink\\backend\\node_modules\\supertest\\lib\\test.js:285:13)\n    at Test.assert (D:\\Echolink\\backend\\node_modules\\supertest\\lib\\test.js:164:23)\n    at Server.localAssert (D:\\Echolink\\backend\\node_modules\\supertest\\lib\\test.js:120:14)\n    at Object.onceWrapper (node:events:632:28)\n    at Server.emit (node:events:518:28)\n    at emitCloseNT (node:net:2419:8)\n    at processTicksAndRejections (node:internal/process/task_queues:89:21)"],"fullName":"Full Integration Test: Upload → Index → Search → Graph Phase 2: Upload & Parse should upload plain text","invocations":1,"location":null,"numPassingAsserts":0,"retryReasons":[],"status":"failed","title":"should upload plain text"},{"ancestorTitles":["Full Integration Test: Upload → Index → Search → Graph","Phase 2: Upload & Parse"],"duration":14,"failureDetails":[{}],"failureMessages":["Error: expected 200 \"OK\", got 401 \"Unauthorized\"\n    at Object.expect (D:\\Echolink\\backend\\tests\\integration.test.js:81:18)\n    at Promise.then.completed (D:\\Echolink\\backend\\node_modules\\jest-circus\\build\\utils.js:298:28)\n    at new Promise (<anonymous>)\n    at callAsyncCircusFn (D:\\Echolink\\backend\\node_modules\\jest-circus\\build\\utils.js:231:10)\n    at _callCircusTest (D:\\Echolink\\backend\\node_modules\\jest-circus\\build\\run.js:316:40)\n    at processTicksAndRejections (node:internal/process/task_queues:105:5)\n    at _runTest (D:\\Echolink\\backend\\node_modules\\jest-circus\\build\\run.js:252:3)\n    at _runTestsForDescribeBlock (D:\\Echolink\\backend\\node_modules\\jest-circus\\build\\run.js:126:9)\n    at _runTestsForDescribeBlock (D:\\Echolink\\backend\\node_modules\\jest-circus\\build\\run.js:121:9)\n    at _runTestsForDescribeBlock (D:\\Echolink\\backend\\node_modules\\jest-circus\\build\\run.js:121:9)\n    at run (D:\\Echolink\\backend\\node_modules\\jest-circus\\build\\run.js:71:3)\n    at runAndTransformResultsToJestFormat (D:\\Echolink\\backend\\node_modules\\jest-circus\\build\\legacy-code-todo-rewrite\\jestAdapterInit.js:122:21)\n    at jestAdapter (D:\\Echolink\\backend\\node_modules\\jest-circus\\build\\legacy-code-todo-rewrite\\jestAdapter.js:79:19)\n    at runTestInternal (D:\\Echolink\\backend\\node_modules\\jest-runner\\build\\runTest.js:367:16)\n    at runTest (D:\\Echolink\\backend\\node_modules\\jest-runner\\build\\runTest.js:444:34)\n    at Object.worker (D:\\Echolink\\backend\\node_modules\\jest-runner\\build\\testWorker.js:106:12)\n----\n    at Test._assertStatus (D:\\Echolink\\backend\\node_modules\\supertest\\lib\\test.js:252:14)\n    at D:\\Echolink\\backend\\node_modules\\supertest\\lib\\test.js:308:13\n    at Test._assertFunction (D:\\Echolink\\backend\\node_modules\\supertest\\lib\\test.js:285:13)\n    at Test.assert (D:\\Echolink\\backend\\node_modules\\supertest\\lib\\test.js:164:23)\n    at Server.localAssert (D:\\Echolink\\backend\\node_modules\\supertest\\lib\\test.js:120:14)\n    at Object.onceWrapper (node:events:632:28)\n    at Server.emit (node:events:518:28)\n    at emitCloseNT (node:net:2419:8)\n    at processTicksAndRejections (node:internal/process/task_queues:89:21)"],"fullName":"Full Integration Test: Upload → Index → Search → Graph Phase 2: Upload & Parse should retrieve uploaded source","invocations":1,"location":null,"numPassingAsserts":0,"retryReasons":[],"status":"failed","title":"should retrieve uploaded source"},{"ancestorTitles":["Full Integration Test: Upload → Index → Search → Graph","Phase 3: Indexing & Embeddings"],"duration":22,"failureDetails":[{}],"failureMessages":["Error: expected 200 \"OK\", got 401 \"Unauthorized\"\n    at Object.expect (D:\\Echolink\\backend\\tests\\integration.test.js:95:18)\n    at Promise.then.completed (D:\\Echolink\\backend\\node_modules\\jest-circus\\build\\utils.js:298:28)\n    at new Promise (<anonymous>)\n    at callAsyncCircusFn (D:\\Echolink\\backend\\node_modules\\jest-circus\\build\\utils.js:231:10)\n    at _callCircusTest (D:\\Echolink\\backend\\node_modules\\jest-circus\\build\\run.js:316:40)\n    at processTicksAndRejections (node:internal/process/task_queues:105:5)\n    at _runTest (D:\\Echolink\\backend\\node_modules\\jest-circus\\build\\run.js:252:3)\n    at _runTestsForDescribeBlock (D:\\Echolink\\backend\\node_modules\\jest-circus\\build\\run.js:126:9)\n    at _runTestsForDescribeBlock (D:\\Echolink\\backend\\node_modules\\jest-circus\\build\\run.js:121:9)\n    at _runTestsForDescribeBlock (D:\\Echolink\\backend\\node_modules\\jest-circus\\build\\run.js:121:9)\n    at run (D:\\Echolink\\backend\\node_modules\\jest-circus\\build\\run.js:71:3)\n    at runAndTransformResultsToJestFormat (D:\\Echolink\\backend\\node_modules\\jest-circus\\build\\legacy-code-todo-rewrite\\jestAdapterInit.js:122:21)\n    at jestAdapter (D:\\Echolink\\backend\\node_modules\\jest-circus\\build\\legacy-code-todo-rewrite\\jestAdapter.js:79:19)\n    at runTestInternal (D:\\Echolink\\backend\\node_modules\\jest-runner\\build\\runTest.js:367:16)\n    at runTest (D:\\Echolink\\backend\\node_modules\\jest-runner\\build\\runTest.js:444:34)\n    at Object.worker (D:\\Echolink\\backend\\node_modules\\jest-runner\\build\\testWorker.js:106:12)\n----\n    at Test._assertStatus (D:\\Echolink\\backend\\node_modules\\supertest\\lib\\test.js:252:14)\n    at D:\\Echolink\\backend\\node_modules\\supertest\\lib\\test.js:308:13\n    at Test._assertFunction (D:\\Echolink\\backend\\node_modules\\supertest\\lib\\test.js:285:13)\n    at Test.assert (D:\\Echolink\\backend\\node_modules\\supertest\\lib\\test.js:164:23)\n    at Server.localAssert (D:\\Echolink\\backend\\node_modules\\supertest\\lib\\test.js:120:14)\n    at Object.onceWrapper (node:events:632:28)\n    at Server.emit (node:events:518:28)\n    at emitCloseNT (node:net:2419:8)\n    at processTicksAndRejections (node:internal/process/task_queues:89:21)"],"fullName":"Full Integration Test: Upload → Index → Search → Graph Phase 3: Indexing & Embeddings should trigger manual indexing","invocations":1,"location":null,"numPassingAsserts":0,"retryReasons":[],"status":"failed","title":"should trigger manual indexing"},{"ancestorTitles":["Full Integration Test: Upload → Index → Search → Graph","Phase 3: Indexing & Embeddings"],"duration":18,"failureDetails":[{}],"failureMessages":["Error: expected 200 \"OK\", got 401 \"Unauthorized\"\n    at Object.expect (D:\\Echolink\\backend\\tests\\integration.test.js:108:18)\n    at Promise.then.completed (D:\\Echolink\\backend\\node_modules\\jest-circus\\build\\utils.js:298:28)\n    at new Promise (<anonymous>)\n    at callAsyncCircusFn (D:\\Echolink\\backend\\node_modules\\jest-circus\\build\\utils.js:231:10)\n    at _callCircusTest (D:\\Echolink\\backend\\node_modules\\jest-circus\\build\\run.js:316:40)\n    at processTicksAndRejections (node:internal/process/task_queues:105:5)\n    at _runTest (D:\\Echolink\\backend\\node_modules\\jest-circus\\build\\run.js:252:3)\n    at _runTestsForDescribeBlock (D:\\Echolink\\backend\\node_modules\\jest-circus\\build\\run.js:126:9)\n    at _runTestsForDescribeBlock (D:\\Echolink\\backend\\node_modules\\jest-circus\\build\\run.js:121:9)\n    at _runTestsForDescribeBlock (D:\\Echolink\\backend\\node_modules\\jest-circus\\build\\run.js:121:9)\n    at run (D:\\Echolink\\backend\\node_modules\\jest-circus\\build\\run.js:71:3)\n    at runAndTransformResultsToJestFormat (D:\\Echolink\\backend\\node_modules\\jest-circus\\build\\legacy-code-todo-rewrite\\jestAdapterInit.js:122:21)\n    at jestAdapter (D:\\Echolink\\backend\\node_modules\\jest-circus\\build\\legacy-code-todo-rewrite\\jestAdapter.js:79:19)\n    at runTestInternal (D:\\Echolink\\backend\\node_modules\\jest-runner\\build\\runTest.js:367:16)\n    at runTest (D:\\Echolink\\backend\\node_modules\\jest-runner\\build\\runTest.js:444:34)\n    at Object.worker (D:\\Echolink\\backend\\node_modules\\jest-runner\\build\\testWorker.js:106:12)\n----\n    at Test._assertStatus (D:\\Echolink\\backend\\node_modules\\supertest\\lib\\test.js:252:14)\n    at D:\\Echolink\\backend\\node_modules\\supertest\\lib\\test.js:308:13\n    at Test._assertFunction (D:\\Echolink\\backend\\node_modules\\supertest\\lib\\test.js:285:13)\n    at Test.assert (D:\\Echolink\\backend\\node_modules\\supertest\\lib\\test.js:164:23)\n    at Server.localAssert (D:\\Echolink\\backend\\node_modules\\supertest\\lib\\test.js:120:14)\n    at Object.onceWrapper (node:events:632:28)\n    at Server.emit (node:events:518:28)\n    at emitCloseNT (node:net:2419:8)\n    at processTicksAndRejections (node:internal/process/task_queues:89:21)"],"fullName":"Full Integration Test: Upload → Index → Search → Graph Phase 3: Indexing & Embeddings should have indexed fragments","invocations":1,"location":null,"numPassingAsserts":0,"retryReasons":[],"status":"failed","title":"should have indexed fragments"},{"ancestorTitles":["Full Integration Test: Upload → Index → Search → Graph","Phase 4: Semantic Search"],"duration":13,"failureDetails":[{}],"failureMessages":["Error: expected 200 \"OK\", got 401 \"Unauthorized\"\n    at Object.expect (D:\\Echolink\\backend\\tests\\integration.test.js:129:18)\n    at Promise.then.completed (D:\\Echolink\\backend\\node_modules\\jest-circus\\build\\utils.js:298:28)\n    at new Promise (<anonymous>)\n    at callAsyncCircusFn (D:\\Echolink\\backend\\node_modules\\jest-circus\\build\\utils.js:231:10)\n    at _callCircusTest (D:\\Echolink\\backend\\node_modules\\jest-circus\\build\\run.js:316:40)\n    at processTicksAndRejections (node:internal/process/task_queues:105:5)\n    at _runTest (D:\\Echolink\\backend\\node_modules\\jest-circus\\build\\run.js:252:3)\n    at _runTestsForDescribeBlock (D:\\Echolink\\backend\\node_modules\\jest-circus\\build\\run.js:126:9)\n    at _runTestsForDescribeBlock (D:\\Echolink\\backend\\node_modules\\jest-circus\\build\\run.js:121:9)\n    at _runTestsForDescribeBlock (D:\\Echolink\\backend\\node_modules\\jest-circus\\build\\run.js:121:9)\n    at run (D:\\Echolink\\backend\\node_modules\\jest-circus\\build\\run.js:71:3)\n    at runAndTransformResultsToJestFormat (D:\\Echolink\\backend\\node_modules\\jest-circus\\build\\legacy-code-todo-rewrite\\jestAdapterInit.js:122:21)\n    at jestAdapter (D:\\Echolink\\backend\\node_modules\\jest-circus\\build\\legacy-code-todo-rewrite\\jestAdapter.js:79:19)\n    at runTestInternal (D:\\Echolink\\backend\\node_modules\\jest-runner\\build\\runTest.js:367:16)\n    at runTest (D:\\Echolink\\backend\\node_modules\\jest-runner\\build\\runTest.js:444:34)\n    at Object.worker (D:\\Echolink\\backend\\node_modules\\jest-runner\\build\\testWorker.js:106:12)\n----\n    at Test._assertStatus (D:\\Echolink\\backend\\node_modules\\supertest\\lib\\test.js:252:14)\n    at D:\\Echolink\\backend\\node_modules\\supertest\\lib\\test.js:308:13\n    at Test._assertFunction (D:\\Echolink\\backend\\node_modules\\supertest\\lib\\test.js:285:13)\n    at Test.assert (D:\\Echolink\\backend\\node_modules\\supertest\\lib\\test.js:164:23)\n    at Server.localAssert (D:\\Echolink\\backend\\node_modules\\supertest\\lib\\test.js:120:14)\n    at Object.onceWrapper (node:events:632:28)\n    at Server.emit (node:events:518:28)\n    at emitCloseNT (node:net:2419:8)\n    at processTicksAndRejections (node:internal/process/task_queues:89:21)"],"fullName":"Full Integration Test: Upload → Index → Search → Graph Phase 4: Semantic Search should perform semantic search","invocations":1,"location":null,"numPassingAsserts":0,"retryReasons":[],"status":"failed","title":"should perform semantic search"},{"ancestorTitles":["Full Integration Test: Upload → Index → Search → Graph","Phase 4: Semantic Search"],"duration":14,"failureDetails":[{}],"failureMessages":["Error: expected 200 \"OK\", got 401 \"Unauthorized\"\n    at Object.expect (D:\\Echolink\\backend\\tests\\integration.test.js:168:18)\n    at Promise.then.completed (D:\\Echolink\\backend\\node_modules\\jest-circus\\build\\utils.js:298:28)\n    at new Promise (<anonymous>)\n    at callAsyncCircusFn (D:\\Echolink\\backend\\node_modules\\jest-circus\\build\\utils.js:231:10)\n    at _callCircusTest (D:\\Echolink\\backend\\node_modules\\jest-circus\\build\\run.js:316:40)\n    at processTicksAndRejections (node:internal/process/task_queues:105:5)\n    at _runTest (D:\\Echolink\\backend\\node_modules\\jest-circus\\build\\run.js:252:3)\n    at _runTestsForDescribeBlock (D:\\Echolink\\backend\\node_modules\\jest-circus\\build\\run.js:126:9)\n    at _runTestsForDescribeBlock (D:\\Echolink\\backend\\node_modules\\jest-circus\\build\\run.js:121:9)\n    at _runTestsForDescribeBlock (D:\\Echolink\\backend\\node_modules\\jest-circus\\build\\run.js:121:9)\n    at run (D:\\Echolink\\backend\\node_modules\\jest-circus\\build\\run.js:71:3)\n    at runAndTransformResultsToJestFormat (D:\\Echolink\\backend\\node_modules\\jest-circus\\build\\legacy-code-todo-rewrite\\jestAdapterInit.js:122:21)\n    at jestAdapter (D:\\Echolink\\backend\\node_modules\\jest-circus\\build\\legacy-code-todo-rewrite\\jestAdapter.js:79:19)\n    at runTestInternal (D:\\Echolink\\backend\\node_modules\\jest-runner\\build\\runTest.js:367:16)\n    at runTest (D:\\Echolink\\backend\\node_modules\\jest-runner\\build\\runTest.js:444:34)\n    at Object.worker (D:\\Echolink\\backend\\node_modules\\jest-runner\\build\\testWorker.js:106:12)\n----\n    at Test._assertStatus (D:\\Echolink\\backend\\node_modules\\supertest\\lib\\test.js:252:14)\n    at D:\\Echolink\\backend\\node_modules\\supertest\\lib\\test.js:308:13\n    at Test._assertFunction (D:\\Echolink\\backend\\node_modules\\supertest\\lib\\test.js:285:13)\n    at Test.assert (D:\\Echolink\\backend\\node_modules\\supertest\\lib\\test.js:164:23)\n    at Server.localAssert (D:\\Echolink\\backend\\node_modules\\supertest\\lib\\test.js:120:14)\n    at Object.onceWrapper (node:events:632:28)\n    at Server.emit (node:events:518:28)\n    at emitCloseNT (node:net:2419:8)\n    at processTicksAndRejections (node:internal/process/task_queues:89:21)"],"fullName":"Full Integration Test: Upload → Index → Search → Graph Phase 4: Semantic Search should return empty results for irrelevant query","invocations":1,"location":null,"numPassingAsserts":0,"retryReasons":[],"status":"failed","title":"should return empty results for irrelevant query"},{"ancestorTitles":["Full Integration Test: Upload → Index → Search → Graph","Phase 5: Knowledge Graph & Links"],"duration":16,"failureDetails":[{}],"failureMessages":["Error: expected 200 \"OK\", got 401 \"Unauthorized\"\n    at Object.expect (D:\\Echolink\\backend\\tests\\integration.test.js:180:18)\n    at Promise.then.completed (D:\\Echolink\\backend\\node_modules\\jest-circus\\build\\utils.js:298:28)\n    at new Promise (<anonymous>)\n    at callAsyncCircusFn (D:\\Echolink\\backend\\node_modules\\jest-circus\\build\\utils.js:231:10)\n    at _callCircusTest (D:\\Echolink\\backend\\node_modules\\jest-circus\\build\\run.js:316:40)\n    at processTicksAndRejections (node:internal/process/task_queues:105:5)\n    at _runTest (D:\\Echolink\\backend\\node_modules\\jest-circus\\build\\run.js:252:3)\n    at _runTestsForDescribeBlock (D:\\Echolink\\backend\\node_modules\\jest-circus\\build\\run.js:126:9)\n    at _runTestsForDescribeBlock (D:\\Echolink\\backend\\node_modules\\jest-circus\\build\\run.js:121:9)\n    at _runTestsForDescribeBlock (D:\\Echolink\\backend\\node_modules\\jest-circus\\build\\run.js:121:9)\n    at run (D:\\Echolink\\backend\\node_modules\\jest-circus\\build\\run.js:71:3)\n    at runAndTransformResultsToJestFormat (D:\\Echolink\\backend\\node_modules\\jest-circus\\build\\legacy-code-todo-rewrite\\jestAdapterInit.js:122:21)\n    at jestAdapter (D:\\Echolink\\backend\\node_modules\\jest-circus\\build\\legacy-code-todo-rewrite\\jestAdapter.js:79:19)\n    at runTestInternal (D:\\Echolink\\backend\\node_modules\\jest-runner\\build\\runTest.js:367:16)\n    at runTest (D:\\Echolink\\backend\\node_modules\\jest-runner\\build\\runTest.js:444:34)\n    at Object.worker (D:\\Echolink\\backend\\node_modules\\jest-runner\\build\\testWorker.js:106:12)\n----\n    at Test._assertStatus (D:\\Echolink\\backend\\node_modules\\supertest\\lib\\test.js:252:14)\n    at D:\\Echolink\\backend\\node_modules\\supertest\\lib\\test.js:308:13\n    at Test._assertFunction (D:\\Echolink\\backend\\node_modules\\supertest\\lib\\test.js:285:13)\n    at Test.assert (D:\\Echolink\\backend\\node_modules\\supertest\\lib\\test.js:164:23)\n    at Server.localAssert (D:\\Echolink\\backend\\node_modules\\supertest\\lib\\test.js:120:14)\n    at Object.onceWrapper (node:events:632:28)\n    at Server.emit (node:events:518:28)\n    at emitCloseNT (node:net:2419:8)\n    at processTicksAndRejections (node:internal/process/task_queues:89:21)"],"fullName":"Full Integration Test: Upload → Index → Search → Graph Phase 5: Knowledge Graph & Links should rebuild links","invocations":1,"location":null,"numPassingAsserts":0,"retryReasons":[],"status":"failed","title":"should rebuild links"},{"ancestorTitles":["Full Integration Test: Upload → Index → Search → Graph","Phase 5: Knowledge Graph & Links"],"duration":15,"failureDetails":[{}],"failureMessages":["Error: expected 200 \"OK\", got 401 \"Unauthorized\"\n    at Object.expect (D:\\Echolink\\backend\\tests\\integration.test.js:191:18)\n    at Promise.then.completed (D:\\Echolink\\backend\\node_modules\\jest-circus\\build\\utils.js:298:28)\n    at new Promise (<anonymous>)\n    at callAsyncCircusFn (D:\\Echolink\\backend\\node_modules\\jest-circus\\build\\utils.js:231:10)\n    at _callCircusTest (D:\\Echolink\\backend\\node_modules\\jest-circus\\build\\run.js:316:40)\n    at processTicksAndRejections (node:internal/process/task_queues:105:5)\n    at _runTest (D:\\Echolink\\backend\\node_modules\\jest-circus\\build\\run.js:252:3)\n    at _runTestsForDescribeBlock (D:\\Echolink\\backend\\node_modules\\jest-circus\\build\\run.js:126:9)\n    at _runTestsForDescribeBlock (D:\\Echolink\\backend\\node_modules\\jest-circus\\build\\run.js:121:9)\n    at _runTestsForDescribeBlock (D:\\Echolink\\backend\\node_modules\\jest-circus\\build\\run.js:121:9)\n    at run (D:\\Echolink\\backend\\node_modules\\jest-circus\\build\\run.js:71:3)\n    at runAndTransformResultsToJestFormat (D:\\Echolink\\backend\\node_modules\\jest-circus\\build\\legacy-code-todo-rewrite\\jestAdapterInit.js:122:21)\n    at jestAdapter (D:\\Echolink\\backend\\node_modules\\jest-circus\\build\\legacy-code-todo-rewrite\\jestAdapter.js:79:19)\n    at runTestInternal (D:\\Echolink\\backend\\node_modules\\jest-runner\\build\\runTest.js:367:16)\n    at runTest (D:\\Echolink\\backend\\node_modules\\jest-runner\\build\\runTest.js:444:34)\n    at Object.worker (D:\\Echolink\\backend\\node_modules\\jest-runner\\build\\testWorker.js:106:12)\n----\n    at Test._assertStatus (D:\\Echolink\\backend\\node_modules\\supertest\\lib\\test.js:252:14)\n    at D:\\Echolink\\backend\\node_modules\\supertest\\lib\\test.js:308:13\n    at Test._assertFunction (D:\\Echolink\\backend\\node_modules\\supertest\\lib\\test.js:285:13)\n    at Test.assert (D:\\Echolink\\backend\\node_modules\\supertest\\lib\\test.js:164:23)\n    at Server.localAssert (D:\\Echolink\\backend\\node_modules\\supertest\\lib\\test.js:120:14)\n    at Object.onceWrapper (node:events:632:28)\n    at Server.emit (node:events:518:28)\n    at emitCloseNT (node:net:2419:8)\n    at processTicksAndRejections (node:internal/process/task_queues:89:21)"],"fullName":"Full Integration Test: Upload → Index → Search → Graph Phase 5: Knowledge Graph & Links should get graph data","invocations":1,"location":null,"numPassingAsserts":0,"retryReasons":[],"status":"failed","title":"should get graph data"},{"ancestorTitles":["Full Integration Test: Upload → Index → Search → Graph","Phase 5: Knowledge Graph & Links"],"duration":16,"failureDetails":[{}],"failureMessages":["Error: expected 200 \"OK\", got 401 \"Unauthorized\"\n    at Object.expect (D:\\Echolink\\backend\\tests\\integration.test.js:203:18)\n    at Promise.then.completed (D:\\Echolink\\backend\\node_modules\\jest-circus\\build\\utils.js:298:28)\n    at new Promise (<anonymous>)\n    at callAsyncCircusFn (D:\\Echolink\\backend\\node_modules\\jest-circus\\build\\utils.js:231:10)\n    at _callCircusTest (D:\\Echolink\\backend\\node_modules\\jest-circus\\build\\run.js:316:40)\n    at processTicksAndRejections (node:internal/process/task_queues:105:5)\n    at _runTest (D:\\Echolink\\backend\\node_modules\\jest-circus\\build\\run.js:252:3)\n    at _runTestsForDescribeBlock (D:\\Echolink\\backend\\node_modules\\jest-circus\\build\\run.js:126:9)\n    at _runTestsForDescribeBlock (D:\\Echolink\\backend\\node_modules\\jest-circus\\build\\run.js:121:9)\n    at _runTestsForDescribeBlock (D:\\Echolink\\backend\\node_modules\\jest-circus\\build\\run.js:121:9)\n    at run (D:\\Echolink\\backend\\node_modules\\jest-circus\\build\\run.js:71:3)\n    at runAndTransformResultsToJestFormat (D:\\Echolink\\backend\\node_modules\\jest-circus\\build\\legacy-code-todo-rewrite\\jestAdapterInit.js:122:21)\n    at jestAdapter (D:\\Echolink\\backend\\node_modules\\jest-circus\\build\\legacy-code-todo-rewrite\\jestAdapter.js:79:19)\n    at runTestInternal (D:\\Echolink\\backend\\node_modules\\jest-runner\\build\\runTest.js:367:16)\n    at runTest (D:\\Echolink\\backend\\node_modules\\jest-runner\\build\\runTest.js:444:34)\n    at Object.worker (D:\\Echolink\\backend\\node_modules\\jest-runner\\build\\testWorker.js:106:12)\n----\n    at Test._assertStatus (D:\\Echolink\\backend\\node_modules\\supertest\\lib\\test.js:252:14)\n    at D:\\Echolink\\backend\\node_modules\\supertest\\lib\\test.js:308:13\n    at Test._assertFunction (D:\\Echolink\\backend\\node_modules\\supertest\\lib\\test.js:285:13)\n    at Test.assert (D:\\Echolink\\backend\\node_modules\\supertest\\lib\\test.js:164:23)\n    at Server.localAssert (D:\\Echolink\\backend\\node_modules\\supertest\\lib\\test.js:120:14)\n    at Object.onceWrapper (node:events:632:28)\n    at Server.emit (node:events:518:28)\n    at emitCloseNT (node:net:2419:8)\n    at processTicksAndRejections (node:internal/process/task_queues:89:21)"],"fullName":"Full Integration Test: Upload → Index → Search → Graph Phase 5: Knowledge Graph & Links should get timeline data","invocations":1,"location":null,"numPassingAsserts":0,"retryReasons":[],"status":"failed","title":"should get timeline data"},{"ancestorTitles":["Full Integration Test: Upload → Index → Search → Graph","Phase 6: Admin Functions"],"duration":11,"failureDetails":[{"matcherResult":{"message":"\u001b[2mexpect(\u001b[22m\u001b[31mreceived\u001b[39m\u001b[2m).\u001b[22mtoHaveProperty\u001b[2m(\u001b[22m\u001b[32mpath\u001b[39m\u001b[2m)\u001b[22m\n\nExpected path: \u001b[32m\"counts\"\u001b[39m\nReceived path: \u001b[31m[]\u001b[39m\n\nReceived value: \u001b[31m{\"db\": \"connected\", \"ok\": true, \"status\": \"running\", \"timestamp\": \"2026-03-05T13:06:53.150Z\", \"uptime\": 8, \"version\": \"1.0.0\"}\u001b[39m","pass":false}}],"failureMessages":["Error: \u001b[2mexpect(\u001b[22m\u001b[31mreceived\u001b[39m\u001b[2m).\u001b[22mtoHaveProperty\u001b[2m(\u001b[22m\u001b[32mpath\u001b[39m\u001b[2m)\u001b[22m\n\nExpected path: \u001b[32m\"counts\"\u001b[39m\nReceived path: \u001b[31m[]\u001b[39m\n\nReceived value: \u001b[31m{\"db\": \"connected\", \"ok\": true, \"status\": \"running\", \"timestamp\": \"2026-03-05T13:06:53.150Z\", \"uptime\": 8, \"version\": \"1.0.0\"}\u001b[39m\n    at Object.toHaveProperty (D:\\Echolink\\backend\\tests\\integration.test.js:216:30)\n    at processTicksAndRejections (node:internal/process/task_queues:105:5)"],"fullName":"Full Integration Test: Upload → Index → Search → Graph Phase 6: Admin Functions should get system status","invocations":1,"location":null,"numPassingAsserts":0,"retryReasons":[],"status":"failed","title":"should get system status"},{"ancestorTitles":["Full Integration Test: Upload → Index → Search → Graph","Phase 6: Admin Functions"],"duration":14,"failureDetails":[{}],"failureMessages":["Error: expected 200 \"OK\", got 401 \"Unauthorized\"\n    at Object.expect (D:\\Echolink\\backend\\tests\\integration.test.js:226:18)\n    at Promise.then.completed (D:\\Echolink\\backend\\node_modules\\jest-circus\\build\\utils.js:298:28)\n    at new Promise (<anonymous>)\n    at callAsyncCircusFn (D:\\Echolink\\backend\\node_modules\\jest-circus\\build\\utils.js:231:10)\n    at _callCircusTest (D:\\Echolink\\backend\\node_modules\\jest-circus\\build\\run.js:316:40)\n    at processTicksAndRejections (node:internal/process/task_queues:105:5)\n    at _runTest (D:\\Echolink\\backend\\node_modules\\jest-circus\\build\\run.js:252:3)\n    at _runTestsForDescribeBlock (D:\\Echolink\\backend\\node_modules\\jest-circus\\build\\run.js:126:9)\n    at _runTestsForDescribeBlock (D:\\Echolink\\backend\\node_modules\\jest-circus\\build\\run.js:121:9)\n    at _runTestsForDescribeBlock (D:\\Echolink\\backend\\node_modules\\jest-circus\\build\\run.js:121:9)\n    at run (D:\\Echolink\\backend\\node_modules\\jest-circus\\build\\run.js:71:3)\n    at runAndTransformResultsToJestFormat (D:\\Echolink\\backend\\node_modules\\jest-circus\\build\\legacy-code-todo-rewrite\\jestAdapterInit.js:122:21)\n    at jestAdapter (D:\\Echolink\\backend\\node_modules\\jest-circus\\build\\legacy-code-todo-rewrite\\jestAdapter.js:79:19)\n    at runTestInternal (D:\\Echolink\\backend\\node_modules\\jest-runner\\build\\runTest.js:367:16)\n    at runTest (D:\\Echolink\\backend\\node_modules\\jest-runner\\build\\runTest.js:444:34)\n    at Object.worker (D:\\Echolink\\backend\\node_modules\\jest-runner\\build\\testWorker.js:106:12)\n----\n    at Test._assertStatus (D:\\Echolink\\backend\\node_modules\\supertest\\lib\\test.js:252:14)\n    at D:\\Echolink\\backend\\node_modules\\supertest\\lib\\test.js:308:13\n    at Test._assertFunction (D:\\Echolink\\backend\\node_modules\\supertest\\lib\\test.js:285:13)\n    at Test.assert (D:\\Echolink\\backend\\node_modules\\supertest\\lib\\test.js:164:23)\n    at Server.localAssert (D:\\Echolink\\backend\\node_modules\\supertest\\lib\\test.js:120:14)\n    at Object.onceWrapper (node:events:632:28)\n    at Server.emit (node:events:518:28)\n    at emitCloseNT (node:net:2419:8)\n    at processTicksAndRejections (node:internal/process/task_queues:89:21)"],"fullName":"Full Integration Test: Upload → Index → Search → Graph Phase 6: Admin Functions should get admin status","invocations":1,"location":null,"numPassingAsserts":0,"retryReasons":[],"status":"failed","title":"should get admin status"},{"ancestorTitles":["Full Integration Test: Upload → Index → Search → Graph","Phase 7: Data Management"],"duration":16,"failureDetails":[{}],"failureMessages":["Error: expected 200 \"OK\", got 401 \"Unauthorized\"\n    at Object.expect (D:\\Echolink\\backend\\tests\\integration.test.js:239:18)\n    at Promise.then.completed (D:\\Echolink\\backend\\node_modules\\jest-circus\\build\\utils.js:298:28)\n    at new Promise (<anonymous>)\n    at callAsyncCircusFn (D:\\Echolink\\backend\\node_modules\\jest-circus\\build\\utils.js:231:10)\n    at _callCircusTest (D:\\Echolink\\backend\\node_modules\\jest-circus\\build\\run.js:316:40)\n    at processTicksAndRejections (node:internal/process/task_queues:105:5)\n    at _runTest (D:\\Echolink\\backend\\node_modules\\jest-circus\\build\\run.js:252:3)\n    at _runTestsForDescribeBlock (D:\\Echolink\\backend\\node_modules\\jest-circus\\build\\run.js:126:9)\n    at _runTestsForDescribeBlock (D:\\Echolink\\backend\\node_modules\\jest-circus\\build\\run.js:121:9)\n    at _runTestsForDescribeBlock (D:\\Echolink\\backend\\node_modules\\jest-circus\\build\\run.js:121:9)\n    at run (D:\\Echolink\\backend\\node_modules\\jest-circus\\build\\run.js:71:3)\n    at runAndTransformResultsToJestFormat (D:\\Echolink\\backend\\node_modules\\jest-circus\\build\\legacy-code-todo-rewrite\\jestAdapterInit.js:122:21)\n    at jestAdapter (D:\\Echolink\\backend\\node_modules\\jest-circus\\build\\legacy-code-todo-rewrite\\jestAdapter.js:79:19)\n    at runTestInternal (D:\\Echolink\\backend\\node_modules\\jest-runner\\build\\runTest.js:367:16)\n    at runTest (D:\\Echolink\\backend\\node_modules\\jest-runner\\build\\runTest.js:444:34)\n    at Object.worker (D:\\Echolink\\backend\\node_modules\\jest-runner\\build\\testWorker.js:106:12)\n----\n    at Test._assertStatus (D:\\Echolink\\backend\\node_modules\\supertest\\lib\\test.js:252:14)\n    at D:\\Echolink\\backend\\node_modules\\supertest\\lib\\test.js:308:13\n    at Test._assertFunction (D:\\Echolink\\backend\\node_modules\\supertest\\lib\\test.js:285:13)\n    at Test.assert (D:\\Echolink\\backend\\node_modules\\supertest\\lib\\test.js:164:23)\n    at Server.localAssert (D:\\Echolink\\backend\\node_modules\\supertest\\lib\\test.js:120:14)\n    at Object.onceWrapper (node:events:632:28)\n    at Server.emit (node:events:518:28)\n    at emitCloseNT (node:net:2419:8)\n    at processTicksAndRejections (node:internal/process/task_queues:89:21)"],"fullName":"Full Integration Test: Upload → Index → Search → Graph Phase 7: Data Management should delete source and fragments","invocations":1,"location":null,"numPassingAsserts":0,"retryReasons":[],"status":"failed","title":"should delete source and fragments"},{"ancestorTitles":["Full Integration Test: Upload → Index → Search → Graph","Phase 7: Data Management"],"duration":13,"failureDetails":[{}],"failureMessages":["Error: expected 404 \"Not Found\", got 401 \"Unauthorized\"\n    at Object.expect (D:\\Echolink\\backend\\tests\\integration.test.js:248:18)\n    at Promise.then.completed (D:\\Echolink\\backend\\node_modules\\jest-circus\\build\\utils.js:298:28)\n    at new Promise (<anonymous>)\n    at callAsyncCircusFn (D:\\Echolink\\backend\\node_modules\\jest-circus\\build\\utils.js:231:10)\n    at _callCircusTest (D:\\Echolink\\backend\\node_modules\\jest-circus\\build\\run.js:316:40)\n    at processTicksAndRejections (node:internal/process/task_queues:105:5)\n    at _runTest (D:\\Echolink\\backend\\node_modules\\jest-circus\\build\\run.js:252:3)\n    at _runTestsForDescribeBlock (D:\\Echolink\\backend\\node_modules\\jest-circus\\build\\run.js:126:9)\n    at _runTestsForDescribeBlock (D:\\Echolink\\backend\\node_modules\\jest-circus\\build\\run.js:121:9)\n    at _runTestsForDescribeBlock (D:\\Echolink\\backend\\node_modules\\jest-circus\\build\\run.js:121:9)\n    at run (D:\\Echolink\\backend\\node_modules\\jest-circus\\build\\run.js:71:3)\n    at runAndTransformResultsToJestFormat (D:\\Echolink\\backend\\node_modules\\jest-circus\\build\\legacy-code-todo-rewrite\\jestAdapterInit.js:122:21)\n    at jestAdapter (D:\\Echolink\\backend\\node_modules\\jest-circus\\build\\legacy-code-todo-rewrite\\jestAdapter.js:79:19)\n    at runTestInternal (D:\\Echolink\\backend\\node_modules\\jest-runner\\build\\runTest.js:367:16)\n    at runTest (D:\\Echolink\\backend\\node_modules\\jest-runner\\build\\runTest.js:444:34)\n    at Object.worker (D:\\Echolink\\backend\\node_modules\\jest-runner\\build\\testWorker.js:106:12)\n----\n    at Test._assertStatus (D:\\Echolink\\backend\\node_modules\\supertest\\lib\\test.js:252:14)\n    at D:\\Echolink\\backend\\node_modules\\supertest\\lib\\test.js:308:13\n    at Test._assertFunction (D:\\Echolink\\backend\\node_modules\\supertest\\lib\\test.js:285:13)\n    at Test.assert (D:\\Echolink\\backend\\node_modules\\supertest\\lib\\test.js:164:23)\n    at Server.localAssert (D:\\Echolink\\backend\\node_modules\\supertest\\lib\\test.js:120:14)\n    at Object.onceWrapper (node:events:632:28)\n    at Server.emit (node:events:518:28)\n    at emitCloseNT (node:net:2419:8)\n    at processTicksAndRejections (node:internal/process/task_queues:89:21)"],"fullName":"Full Integration Test: Upload → Index → Search → Graph Phase 7: Data Management should verify source is deleted","invocations":1,"location":null,"numPassingAsserts":0,"retryReasons":[],"status":"failed","title":"should verify source is deleted"}],"endTime":1772716013345,"message":"\u001b[1m\u001b[31m  \u001b[1m● \u001b[22m\u001b[1mFull Integration Test: Upload → Index → Search → Graph › Phase 1: Authentication › should login with credentials\u001b[39m\u001b[22m\n\n    expected 200 \"OK\", got 401 \"Unauthorized\"\n\u001b[2m\u001b[22m\n\u001b[2m    \u001b[0m \u001b[90m 44 |\u001b[39m                     password\u001b[33m:\u001b[39m \u001b[32m'Test123!@#'\u001b[39m\u001b[33m,\u001b[39m\u001b[22m\n\u001b[2m     \u001b[90m 45 |\u001b[39m                 })\u001b[22m\n\u001b[2m    \u001b[31m\u001b[1m>\u001b[22m\u001b[2m\u001b[39m\u001b[90m 46 |\u001b[39m                 \u001b[33m.\u001b[39mexpect(\u001b[35m200\u001b[39m)\u001b[33m;\u001b[39m\u001b[22m\n\u001b[2m     \u001b[90m    |\u001b[39m                  \u001b[31m\u001b[1m^\u001b[22m\u001b[2m\u001b[39m\u001b[22m\n\u001b[2m     \u001b[90m 47 |\u001b[39m\u001b[22m\n\u001b[2m     \u001b[90m 48 |\u001b[39m             expect(res\u001b[33m.\u001b[39mbody)\u001b[33m.\u001b[39mtoHaveProperty(\u001b[32m'tokens'\u001b[39m)\u001b[33m;\u001b[39m\u001b[22m\n\u001b[2m     \u001b[90m 49 |\u001b[39m             authToken \u001b[33m=\u001b[39m res\u001b[33m.\u001b[39mbody\u001b[33m.\u001b[39mtokens\u001b[33m.\u001b[39maccess\u001b[33m.\u001b[39mtoken\u001b[33m;\u001b[39m\u001b[0m\u001b[22m\n\u001b[2m\u001b[22m\n\u001b[2m      \u001b[2mat Object.expect (\u001b[22m\u001b[2m\u001b[0m\u001b[36mtests/integration.test.js\u001b[39m\u001b[0m\u001b[2m:46:18)\u001b[22m\u001b[2m\u001b[22m\n\u001b[2m      ----\u001b[22m\n\u001b[2m      \u001b[2mat Test._assertStatus (\u001b[22m\u001b[2m\u001b[0m\u001b[36mnode_modules/supertest/lib/test.js\u001b[39m\u001b[0m\u001b[2m:252:14)\u001b[22m\u001b[2m\u001b[22m\n\u001b[2m      \u001b[2mat \u001b[22m\u001b[2m\u001b[0m\u001b[36mnode_modules/supertest/lib/test.js\u001b[39m\u001b[0m\u001b[2m:308:13\u001b[22m\u001b[2m\u001b[22m\n\u001b[2m      \u001b[2mat Test._assertFunction (\u001b[22m\u001b[2m\u001b[0m\u001b[36mnode_modules/supertest/lib/test.js\u001b[39m\u001b[0m\u001b[2m:285:13)\u001b[22m\u001b[2m\u001b[22m\n\u001b[2m      \u001b[2mat Test.assert (\u001b[22m\u001b[2m\u001b[0m\u001b[36mnode_modules/supertest/lib/test.js\u001b[39m\u001b[0m\u001b[2m:164:23)\u001b[22m\u001b[2m\u001b[22m\n\u001b[2m      \u001b[2mat Server.localAssert (\u001b[22m\u001b[2m\u001b[0m\u001b[36mnode_modules/supertest/lib/test.js\u001b[39m\u001b[0m\u001b[2m:120:14)\u001b[22m\u001b[2m\u001b[22m\n\n\u001b[1m\u001b[31m  \u001b[1m● \u001b[22m\u001b[1mFull Integration Test: Upload → Index → Search → Graph › Phase 2: Upload & Parse › should upload plain text\u001b[39m\u001b[22m\n\n    expected 200 \"OK\", got 401 \"Unauthorized\"\n\u001b[2m\u001b[22m\n\u001b[2m    \u001b[0m \u001b[90m 64 |\u001b[39m                     text\u001b[33m:\u001b[39m testText\u001b[33m,\u001b[39m\u001b[22m\n\u001b[2m     \u001b[90m 65 |\u001b[39m                 })\u001b[22m\n\u001b[2m    \u001b[31m\u001b[1m>\u001b[22m\u001b[2m\u001b[39m\u001b[90m 66 |\u001b[39m                 \u001b[33m.\u001b[39mexpect(\u001b[35m200\u001b[39m)\u001b[33m;\u001b[39m\u001b[22m\n\u001b[2m     \u001b[90m    |\u001b[39m                  \u001b[31m\u001b[1m^\u001b[22m\u001b[2m\u001b[39m\u001b[22m\n\u001b[2m     \u001b[90m 67 |\u001b[39m\u001b[22m\n\u001b[2m     \u001b[90m 68 |\u001b[39m             expect(res\u001b[33m.\u001b[39mbody)\u001b[33m.\u001b[39mtoHaveProperty(\u001b[32m'ok'\u001b[39m\u001b[33m,\u001b[39m \u001b[36mtrue\u001b[39m)\u001b[33m;\u001b[39m\u001b[22m\n\u001b[2m     \u001b[90m 69 |\u001b[39m             expect(res\u001b[33m.\u001b[39mbody)\u001b[33m.\u001b[39mtoHaveProperty(\u001b[32m'sourceId'\u001b[39m)\u001b[33m;\u001b[39m\u001b[0m\u001b[22m\n\u001b[2m\u001b[22m\n\u001b[2m      \u001b[2mat Object.expect (\u001b[22m\u001b[2m\u001b[0m\u001b[36mtests/integration.test.js\u001b[39m\u001b[0m\u001b[2m:66:18)\u001b[22m\u001b[2m\u001b[22m\n\u001b[2m      ----\u001b[22m\n\u001b[2m      \u001b[2mat Test._assertStatus (\u001b[22m\u001b[2m\u001b[0m\u001b[36mnode_modules/supertest/lib/test.js\u001b[39m\u001b[0m\u001b[2m:252:14)\u001b[22m\u001b[2m\u001b[22m\n\u001b[2m      \u001b[2mat \u001b[22m\u001b[2m\u001b[0m\u001b[36mnode_modules/supertest/lib/test.js\u001b[39m\u001b[0m\u001b[2m:308:13\u001b[22m\u001b[2m\u001b[22m\n\u001b[2m      \u001b[2mat Test._assertFunction (\u001b[22m\u001b[2m\u001b[0m\u001b[36mnode_modules/supertest/lib/test.js\u001b[39m\u001b[0m\u001b[2m:285:13)\u001b[22m\u001b[2m\u001b[22m\n\u001b[2m      \u001b[2mat Test.assert (\u001b[22m\u001b[2m\u001b[0m\u001b[36mnode_modules/supertest/lib/test.js\u001b[39m\u001b[0m\u001b[2m:164:23)\u001b[22m\u001b[2m\u001b[22m\n\u001b[2m      \u001b[2mat Server.localAssert (\u001b[22m\u001b[2m\u001b[0m\u001b[36mnode_modules/supertest/lib/test.js\u001b[39m\u001b[0m\u001b[2m:120:14)\u001b[22m\u001b[2m\u001b[22m\n\n\u001b[1m\u001b[31m  \u001b[1m● \u001b[22m\u001b[1mFull Integration Test: Upload → Index → Search → Graph › Phase 2: Upload & Parse › should retrieve uploaded source\u001b[39m\u001b[22m\n\n    expected 200 \"OK\", got 401 \"Unauthorized\"\n\u001b[2m\u001b[22m\n\u001b[2m    \u001b[0m \u001b[90m 79 |\u001b[39m                 \u001b[33m.\u001b[39m\u001b[36mget\u001b[39m(\u001b[32m`/api/import/sources/${sourceId}`\u001b[39m)\u001b[22m\n\u001b[2m     \u001b[90m 80 |\u001b[39m                 \u001b[33m.\u001b[39m\u001b[36mset\u001b[39m(\u001b[32m'Authorization'\u001b[39m\u001b[33m,\u001b[39m \u001b[32m`Bearer ${authToken}`\u001b[39m)\u001b[22m\n\u001b[2m    \u001b[31m\u001b[1m>\u001b[22m\u001b[2m\u001b[39m\u001b[90m 81 |\u001b[39m                 \u001b[33m.\u001b[39mexpect(\u001b[35m200\u001b[39m)\u001b[33m;\u001b[39m\u001b[22m\n\u001b[2m     \u001b[90m    |\u001b[39m                  \u001b[31m\u001b[1m^\u001b[22m\u001b[2m\u001b[39m\u001b[22m\n\u001b[2m     \u001b[90m 82 |\u001b[39m\u001b[22m\n\u001b[2m     \u001b[90m 83 |\u001b[39m             expect(res\u001b[33m.\u001b[39mbody)\u001b[33m.\u001b[39mtoHaveProperty(\u001b[32m'_id'\u001b[39m\u001b[33m,\u001b[39m sourceId)\u001b[33m;\u001b[39m\u001b[22m\n\u001b[2m     \u001b[90m 84 |\u001b[39m             expect(res\u001b[33m.\u001b[39mbody)\u001b[33m.\u001b[39mtoHaveProperty(\u001b[32m'status'\u001b[39m)\u001b[33m;\u001b[39m\u001b[0m\u001b[22m\n\u001b[2m\u001b[22m\n\u001b[2m      \u001b[2mat Object.expect (\u001b[22m\u001b[2m\u001b[0m\u001b[36mtests/integration.test.js\u001b[39m\u001b[0m\u001b[2m:81:18)\u001b[22m\u001b[2m\u001b[22m\n\u001b[2m      ----\u001b[22m\n\u001b[2m      \u001b[2mat Test._assertStatus (\u001b[22m\u001b[2m\u001b[0m\u001b[36mnode_modules/supertest/lib/test.js\u001b[39m\u001b[0m\u001b[2m:252:14)\u001b[22m\u001b[2m\u001b[22m\n\u001b[2m      \u001b[2mat \u001b[22m\u001b[2m\u001b[0m\u001b[36mnode_modules/supertest/lib/test.js\u001b[39m\u001b[0m\u001b[2m:308:13\u001b[22m\u001b[2m\u001b[22m\n\u001b[2m      \u001b[2mat Test._assertFunction (\u001b[22m\u001b[2m\u001b[0m\u001b[36mnode_modules/supertest/lib/test.js\u001b[39m\u001b[0m\u001b[2m:285:13)\u001b[22m\u001b[2m\u001b[22m\n\u001b[2m      \u001b[2mat Test.assert (\u001b[22m\u001b[2m\u001b[0m\u001b[36mnode_modules/supertest/lib/test.js\u001b[39m\u001b[0m\u001b[2m:164:23)\u001b[22m\u001b[2m\u001b[22m\n\u001b[2m      \u001b[2mat Server.localAssert (\u001b[22m\u001b[2m\u001b[0m\u001b[36mnode_modules/supertest/lib/test.js\u001b[39m\u001b[0m\u001b[2m:120:14)\u001b[22m\u001b[2m\u001b[22m\n\n\u001b[1m\u001b[31m  \u001b[1m● \u001b[22m\u001b[1mFull Integration Test: Upload → Index → Search → Graph › Phase 3: Indexing & Embeddings › should trigger manual indexing\u001b[39m\u001b[22m\n\n    expected 200 \"OK\", got 401 \"Unauthorized\"\n\u001b[2m\u001b[22m\n\u001b[2m    \u001b[0m \u001b[90m 93 |\u001b[39m                 \u001b[33m.\u001b[39m\u001b[36mset\u001b[39m(\u001b[32m'Authorization'\u001b[39m\u001b[33m,\u001b[39m \u001b[32m`Bearer ${authToken}`\u001b[39m)\u001b[22m\n\u001b[2m     \u001b[90m 94 |\u001b[39m                 \u001b[33m.\u001b[39msend({ force\u001b[33m:\u001b[39m \u001b[36mtrue\u001b[39m })\u001b[22m\n\u001b[2m    \u001b[31m\u001b[1m>\u001b[22m\u001b[2m\u001b[39m\u001b[90m 95 |\u001b[39m                 \u001b[33m.\u001b[39mexpect(\u001b[35m200\u001b[39m)\u001b[33m;\u001b[39m\u001b[22m\n\u001b[2m     \u001b[90m    |\u001b[39m                  \u001b[31m\u001b[1m^\u001b[22m\u001b[2m\u001b[39m\u001b[22m\n\u001b[2m     \u001b[90m 96 |\u001b[39m\u001b[22m\n\u001b[2m     \u001b[90m 97 |\u001b[39m             expect(res\u001b[33m.\u001b[39mbody)\u001b[33m.\u001b[39mtoHaveProperty(\u001b[32m'success'\u001b[39m)\u001b[33m;\u001b[39m\u001b[22m\n\u001b[2m     \u001b[90m 98 |\u001b[39m\u001b[0m\u001b[22m\n\u001b[2m\u001b[22m\n\u001b[2m      \u001b[2mat Object.expect (\u001b[22m\u001b[2m\u001b[0m\u001b[36mtests/integration.test.js\u001b[39m\u001b[0m\u001b[2m:95:18)\u001b[22m\u001b[2m\u001b[22m\n\u001b[2m      ----\u001b[22m\n\u001b[2m      \u001b[2mat Test._assertStatus (\u001b[22m\u001b[2m\u001b[0m\u001b[36mnode_modules/supertest/lib/test.js\u001b[39m\u001b[0m\u001b[2m:252:14)\u001b[22m\u001b[2m\u001b[22m\n\u001b[2m      \u001b[2mat \u001b[22m\u001b[2m\u001b[0m\u001b[36mnode_modules/supertest/lib/test.js\u001b[39m\u001b[0m\u001b[2m:308:13\u001b[22m\u001b[2m\u001b[22m\n\u001b[2m      \u001b[2mat Test._assertFunction (\u001b[22m\u001b[2m\u001b[0m\u001b[36mnode_modules/supertest/lib/test.js\u001b[39m\u001b[0m\u001b[2m:285:13)\u001b[22m\u001b[2m\u001b[22m\n\u001b[2m      \u001b[2mat Test.assert (\u001b[22m\u001b[2m\u001b[0m\u001b[36mnode_modules/supertest/lib/test.js\u001b[39m\u001b[0m\u001b[2m:164:23)\u001b[22m\u001b[2m\u001b[22m\n\u001b[2m      \u001b[2mat Server.localAssert (\u001b[22m\u001b[2m\u001b[0m\u001b[36mnode_modules/supertest/lib/test.js\u001b[39m\u001b[0m\u001b[2m:120:14)\u001b[22m\u001b[2m\u001b[22m\n\n\u001b[1m\u001b[31m  \u001b[1m● \u001b[22m\u001b[1mFull Integration Test: Upload → Index → Search → Graph › Phase 3: Indexing & Embeddings › should have indexed fragments\u001b[39m\u001b[22m\n\n    expected 200 \"OK\", got 401 \"Unauthorized\"\n\u001b[2m\u001b[22m\n\u001b[2m    \u001b[0m \u001b[90m 106 |\u001b[39m                 \u001b[33m.\u001b[39m\u001b[36mset\u001b[39m(\u001b[32m'Authorization'\u001b[39m\u001b[33m,\u001b[39m \u001b[32m`Bearer ${authToken}`\u001b[39m)\u001b[22m\n\u001b[2m     \u001b[90m 107 |\u001b[39m                 \u001b[33m.\u001b[39mquery({ sourceId\u001b[33m,\u001b[39m limit\u001b[33m:\u001b[39m \u001b[35m10\u001b[39m })\u001b[22m\n\u001b[2m    \u001b[31m\u001b[1m>\u001b[22m\u001b[2m\u001b[39m\u001b[90m 108 |\u001b[39m                 \u001b[33m.\u001b[39mexpect(\u001b[35m200\u001b[39m)\u001b[33m;\u001b[39m\u001b[22m\n\u001b[2m     \u001b[90m     |\u001b[39m                  \u001b[31m\u001b[1m^\u001b[22m\u001b[2m\u001b[39m\u001b[22m\n\u001b[2m     \u001b[90m 109 |\u001b[39m\u001b[22m\n\u001b[2m     \u001b[90m 110 |\u001b[39m             expect(res\u001b[33m.\u001b[39mbody)\u001b[33m.\u001b[39mtoHaveProperty(\u001b[32m'results'\u001b[39m)\u001b[33m;\u001b[39m\u001b[22m\n\u001b[2m     \u001b[90m 111 |\u001b[39m             expect(\u001b[33mArray\u001b[39m\u001b[33m.\u001b[39misArray(res\u001b[33m.\u001b[39mbody\u001b[33m.\u001b[39mresults))\u001b[33m.\u001b[39mtoBe(\u001b[36mtrue\u001b[39m)\u001b[33m;\u001b[39m\u001b[0m\u001b[22m\n\u001b[2m\u001b[22m\n\u001b[2m      \u001b[2mat Object.expect (\u001b[22m\u001b[2m\u001b[0m\u001b[36mtests/integration.test.js\u001b[39m\u001b[0m\u001b[2m:108:18)\u001b[22m\u001b[2m\u001b[22m\n\u001b[2m      ----\u001b[22m\n\u001b[2m      \u001b[2mat Test._assertStatus (\u001b[22m\u001b[2m\u001b[0m\u001b[36mnode_modules/supertest/lib/test.js\u001b[39m\u001b[0m\u001b[2m:252:14)\u001b[22m\u001b[2m\u001b[22m\n\u001b[2m      \u001b[2mat \u001b[22m\u001b[2m\u001b[0m\u001b[36mnode_modules/supertest/lib/test.js\u001b[39m\u001b[0m\u001b[2m:308:13\u001b[22m\u001b[2m\u001b[22m\n\u001b[2m      \u001b[2mat Test._assertFunction (\u001b[22m\u001b[2m\u001b[0m\u001b[36mnode_modules/supertest/lib/test.js\u001b[39m\u001b[0m\u001b[2m:285:13)\u001b[22m\u001b[2m\u001b[22m\n\u001b[2m      \u001b[2mat Test.assert (\u001b[22m\u001b[2m\u001b[0m\u001b[36mnode_modules/supertest/lib/test.js\u001b[39m\u001b[0m\u001b[2m:164:23)\u001b[22m\u001b[2m\u001b[22m\n\u001b[2m      \u001b[2mat Server.localAssert (\u001b[22m\u001b[2m\u001b[0m\u001b[36mnode_modules/supertest/lib/test.js\u001b[39m\u001b[0m\u001b[2m:120:14)\u001b[22m\u001b[2m\u001b[22m\n\n\u001b[1m\u001b[31m  \u001b[1m● \u001b[22m\u001b[1mFull Integration Test: Upload → Index → Search → Graph › Phase 4: Semantic Search › should perform semantic search\u001b[39m\u001b[22m\n\n    expected 200 \"OK\", got 401 \"Unauthorized\"\n\u001b[2m\u001b[22m\n\u001b[2m    \u001b[0m \u001b[90m 127 |\u001b[39m                     topK\u001b[33m:\u001b[39m \u001b[35m5\u001b[39m\u001b[33m,\u001b[39m\u001b[22m\n\u001b[2m     \u001b[90m 128 |\u001b[39m                 })\u001b[22m\n\u001b[2m    \u001b[31m\u001b[1m>\u001b[22m\u001b[2m\u001b[39m\u001b[90m 129 |\u001b[39m                 \u001b[33m.\u001b[39mexpect(\u001b[35m200\u001b[39m)\u001b[33m;\u001b[39m\u001b[22m\n\u001b[2m     \u001b[90m     |\u001b[39m                  \u001b[31m\u001b[1m^\u001b[22m\u001b[2m\u001b[39m\u001b[22m\n\u001b[2m     \u001b[90m 130 |\u001b[39m\u001b[22m\n\u001b[2m     \u001b[90m 131 |\u001b[39m             \u001b[90m// Verify response format matches spec\u001b[39m\u001b[22m\n\u001b[2m     \u001b[90m 132 |\u001b[39m             expect(res\u001b[33m.\u001b[39mbody)\u001b[33m.\u001b[39mtoHaveProperty(\u001b[32m'summary'\u001b[39m)\u001b[33m;\u001b[39m\u001b[0m\u001b[22m\n\u001b[2m\u001b[22m\n\u001b[2m      \u001b[2mat Object.expect (\u001b[22m\u001b[2m\u001b[0m\u001b[36mtests/integration.test.js\u001b[39m\u001b[0m\u001b[2m:129:18)\u001b[22m\u001b[2m\u001b[22m\n\u001b[2m      ----\u001b[22m\n\u001b[2m      \u001b[2mat Test._assertStatus (\u001b[22m\u001b[2m\u001b[0m\u001b[36mnode_modules/supertest/lib/test.js\u001b[39m\u001b[0m\u001b[2m:252:14)\u001b[22m\u001b[2m\u001b[22m\n\u001b[2m      \u001b[2mat \u001b[22m\u001b[2m\u001b[0m\u001b[36mnode_modules/supertest/lib/test.js\u001b[39m\u001b[0m\u001b[2m:308:13\u001b[22m\u001b[2m\u001b[22m\n\u001b[2m      \u001b[2mat Test._assertFunction (\u001b[22m\u001b[2m\u001b[0m\u001b[36mnode_modules/supertest/lib/test.js\u001b[39m\u001b[0m\u001b[2m:285:13)\u001b[22m\u001b[2m\u001b[22m\n\u001b[2m      \u001b[2mat Test.assert (\u001b[22m\u001b[2m\u001b[0m\u001b[36mnode_modules/supertest/lib/test.js\u001b[39m\u001b[0m\u001b[2m:164:23)\u001b[22m\u001b[2m\u001b[22m\n\u001b[2m      \u001b[2mat Server.localAssert (\u001b[22m\u001b[2m\u001b[0m\u001b[36mnode_modules/supertest/lib/test.js\u001b[39m\u001b[0m\u001b[2m:120:14)\u001b[22m\u001b[2m\u001b[22m\n\n\u001b[1m\u001b[31m  \u001b[1m● \u001b[22m\u001b[1mFull Integration Test: Upload → Index → Search → Graph › Phase 4: Semantic Search › should return empty results for irrelevant query\u001b[39m\u001b[22m\n\n    expected 200 \"OK\", got 401 \"Unauthorized\"\n\u001b[2m\u001b[22m\n\u001b[2m    \u001b[0m \u001b[90m 166 |\u001b[39m                     topK\u001b[33m:\u001b[39m \u001b[35m5\u001b[39m\u001b[33m,\u001b[39m\u001b[22m\n\u001b[2m     \u001b[90m 167 |\u001b[39m                 })\u001b[22m\n\u001b[2m    \u001b[31m\u001b[1m>\u001b[22m\u001b[2m\u001b[39m\u001b[90m 168 |\u001b[39m                 \u001b[33m.\u001b[39mexpect(\u001b[35m200\u001b[39m)\u001b[33m;\u001b[39m\u001b[22m\n\u001b[2m     \u001b[90m     |\u001b[39m                  \u001b[31m\u001b[1m^\u001b[22m\u001b[2m\u001b[39m\u001b[22m\n\u001b[2m     \u001b[90m 169 |\u001b[39m\u001b[22m\n\u001b[2m     \u001b[90m 170 |\u001b[39m             expect(res\u001b[33m.\u001b[39mbody)\u001b[33m.\u001b[39mtoHaveProperty(\u001b[32m'summary'\u001b[39m)\u001b[33m;\u001b[39m\u001b[22m\n\u001b[2m     \u001b[90m 171 |\u001b[39m             expect(res\u001b[33m.\u001b[39mbody\u001b[33m.\u001b[39mevidence\u001b[33m.\u001b[39mlength)\u001b[33m.\u001b[39mtoBe(\u001b[35m0\u001b[39m)\u001b[33m;\u001b[39m\u001b[0m\u001b[22m\n\u001b[2m\u001b[22m\n\u001b[2m      \u001b[2mat Object.expect (\u001b[22m\u001b[2m\u001b[0m\u001b[36mtests/integration.test.js\u001b[39m\u001b[0m\u001b[2m:168:18)\u001b[22m\u001b[2m\u001b[22m\n\u001b[2m      ----\u001b[22m\n\u001b[2m      \u001b[2mat Test._assertStatus (\u001b[22m\u001b[2m\u001b[0m\u001b[36mnode_modules/supertest/lib/test.js\u001b[39m\u001b[0m\u001b[2m:252:14)\u001b[22m\u001b[2m\u001b[22m\n\u001b[2m      \u001b[2mat \u001b[22m\u001b[2m\u001b[0m\u001b[36mnode_modules/supertest/lib/test.js\u001b[39m\u001b[0m\u001b[2m:308:13\u001b[22m\u001b[2m\u001b[22m\n\u001b[2m      \u001b[2mat Test._assertFunction (\u001b[22m\u001b[2m\u001b[0m\u001b[36mnode_modules/supertest/lib/test.js\u001b[39m\u001b[0m\u001b[2m:285:13)\u001b[22m\u001b[2m\u001b[22m\n\u001b[2m      \u001b[2mat Test.assert (\u001b[22m\u001b[2m\u001b[0m\u001b[36mnode_modules/supertest/lib/test.js\u001b[39m\u001b[0m\u001b[2m:164:23)\u001b[22m\u001b[2m\u001b[22m\n\u001b[2m      \u001b[2mat Server.localAssert (\u001b[22m\u001b[2m\u001b[0m\u001b[36mnode_modules/supertest/lib/test.js\u001b[39m\u001b[0m\u001b[2m:120:14)\u001b[22m\u001b[2m\u001b[22m\n\n\u001b[1m\u001b[31m  \u001b[1m● \u001b[22m\u001b[1mFull Integration Test: Upload → Index → Search → Graph › Phase 5: Knowledge Graph & Links › should rebuild links\u001b[39m\u001b[22m\n\n    expected 200 \"OK\", got 401 \"Unauthorized\"\n\u001b[2m\u001b[22m\n\u001b[2m    \u001b[0m \u001b[90m 178 |\u001b[39m                 \u001b[33m.\u001b[39mpost(\u001b[32m'/api/links/rebuild'\u001b[39m)\u001b[22m\n\u001b[2m     \u001b[90m 179 |\u001b[39m                 \u001b[33m.\u001b[39m\u001b[36mset\u001b[39m(\u001b[32m'Authorization'\u001b[39m\u001b[33m,\u001b[39m \u001b[32m`Bearer ${authToken}`\u001b[39m)\u001b[22m\n\u001b[2m    \u001b[31m\u001b[1m>\u001b[22m\u001b[2m\u001b[39m\u001b[90m 180 |\u001b[39m                 \u001b[33m.\u001b[39mexpect(\u001b[35m200\u001b[39m)\u001b[33m;\u001b[39m\u001b[22m\n\u001b[2m     \u001b[90m     |\u001b[39m                  \u001b[31m\u001b[1m^\u001b[22m\u001b[2m\u001b[39m\u001b[22m\n\u001b[2m     \u001b[90m 181 |\u001b[39m\u001b[22m\n\u001b[2m     \u001b[90m 182 |\u001b[39m             expect(res\u001b[33m.\u001b[39mbody)\u001b[33m.\u001b[39mtoHaveProperty(\u001b[32m'success'\u001b[39m\u001b[33m,\u001b[39m \u001b[36mtrue\u001b[39m)\u001b[33m;\u001b[39m\u001b[22m\n\u001b[2m     \u001b[90m 183 |\u001b[39m             expect(res\u001b[33m.\u001b[39mbody)\u001b[33m.\u001b[39mtoHaveProperty(\u001b[32m'linksCreated'\u001b[39m)\u001b[33m;\u001b[39m\u001b[0m\u001b[22m\n\u001b[2m\u001b[22m\n\u001b[2m      \u001b[2mat Object.expect (\u001b[22m\u001b[2m\u001b[0m\u001b[36mtests/integration.test.js\u001b[39m\u001b[0m\u001b[2m:180:18)\u001b[22m\u001b[2m\u001b[22m\n\u001b[2m      ----\u001b[22m\n\u001b[2m      \u001b[2mat Test._assertStatus (\u001b[22m\u001b[2m\u001b[0m\u001b[36mnode_modules/supertest/lib/test.js\u001b[39m\u001b[0m\u001b[2m:252:14)\u001b[22m\u001b[2m\u001b[22m\n\u001b[2m      \u001b[2mat \u001b[22m\u001b[2m\u001b[0m\u001b[36mnode_modules/supertest/lib/test.js\u001b[39m\u001b[0m\u001b[2m:308:13\u001b[22m\u001b[2m\u001b[22m\n\u001b[2m      \u001b[2mat Test._assertFunction (\u001b[22m\u001b[2m\u001b[0m\u001b[36mnode_modules/supertest/lib/test.js\u001b[39m\u001b[0m\u001b[2m:285:13)\u001b[22m\u001b[2m\u001b[22m\n\u001b[2m      \u001b[2mat Test.assert (\u001b[22m\u001b[2m\u001b[0m\u001b[36mnode_modules/supertest/lib/test.js\u001b[39m\u001b[0m\u001b[2m:164:23)\u001b[22m\u001b[2m\u001b[22m\n\u001b[2m      \u001b[2mat Server.localAssert (\u001b[22m\u001b[2m\u001b[0m\u001b[36mnode_modules/supertest/lib/test.js\u001b[39m\u001b[0m\u001b[2m:120:14)\u001b[22m\u001b[2m\u001b[22m\n\n\u001b[1m\u001b[31m  \u001b[1m● \u001b[22m\u001b[1mFull Integration Test: Upload → Index → Search → Graph › Phase 5: Knowledge Graph & Links › should get graph data\u001b[39m\u001b[22m\n\n    expected 200 \"OK\", got 401 \"Unauthorized\"\n\u001b[2m\u001b[22m\n\u001b[2m    \u001b[0m \u001b[90m 189 |\u001b[39m                 \u001b[33m.\u001b[39m\u001b[36mset\u001b[39m(\u001b[32m'Authorization'\u001b[39m\u001b[33m,\u001b[39m \u001b[32m`Bearer ${authToken}`\u001b[39m)\u001b[22m\n\u001b[2m     \u001b[90m 190 |\u001b[39m                 \u001b[33m.\u001b[39mquery({ limit\u001b[33m:\u001b[39m \u001b[35m50\u001b[39m })\u001b[22m\n\u001b[2m    \u001b[31m\u001b[1m>\u001b[22m\u001b[2m\u001b[39m\u001b[90m 191 |\u001b[39m                 \u001b[33m.\u001b[39mexpect(\u001b[35m200\u001b[39m)\u001b[33m;\u001b[39m\u001b[22m\n\u001b[2m     \u001b[90m     |\u001b[39m                  \u001b[31m\u001b[1m^\u001b[22m\u001b[2m\u001b[39m\u001b[22m\n\u001b[2m     \u001b[90m 192 |\u001b[39m\u001b[22m\n\u001b[2m     \u001b[90m 193 |\u001b[39m             expect(res\u001b[33m.\u001b[39mbody)\u001b[33m.\u001b[39mtoHaveProperty(\u001b[32m'nodes'\u001b[39m)\u001b[33m;\u001b[39m\u001b[22m\n\u001b[2m     \u001b[90m 194 |\u001b[39m             expect(res\u001b[33m.\u001b[39mbody)\u001b[33m.\u001b[39mtoHaveProperty(\u001b[32m'edges'\u001b[39m)\u001b[33m;\u001b[39m\u001b[0m\u001b[22m\n\u001b[2m\u001b[22m\n\u001b[2m      \u001b[2mat Object.expect (\u001b[22m\u001b[2m\u001b[0m\u001b[36mtests/integration.test.js\u001b[39m\u001b[0m\u001b[2m:191:18)\u001b[22m\u001b[2m\u001b[22m\n\u001b[2m      ----\u001b[22m\n\u001b[2m      \u001b[2mat Test._assertStatus (\u001b[22m\u001b[2m\u001b[0m\u001b[36mnode_modules/supertest/lib/test.js\u001b[39m\u001b[0m\u001b[2m:252:14)\u001b[22m\u001b[2m\u001b[22m\n\u001b[2m      \u001b[2mat \u001b[22m\u001b[2m\u001b[0m\u001b[36mnode_modules/supertest/lib/test.js\u001b[39m\u001b[0m\u001b[2m:308:13\u001b[22m\u001b[2m\u001b[22m\n\u001b[2m      \u001b[2mat Test._assertFunction (\u001b[22m\u001b[2m\u001b[0m\u001b[36mnode_modules/supertest/lib/test.js\u001b[39m\u001b[0m\u001b[2m:285:13)\u001b[22m\u001b[2m\u001b[22m\n\u001b[2m      \u001b[2mat Test.assert (\u001b[22m\u001b[2m\u001b[0m\u001b[36mnode_modules/supertest/lib/test.js\u001b[39m\u001b[0m\u001b[2m:164:23)\u001b[22m\u001b[2m\u001b[22m\n\u001b[2m      \u001b[2mat Server.localAssert (\u001b[22m\u001b[2m\u001b[0m\u001b[36mnode_modules/supertest/lib/test.js\u001b[39m\u001b[0m\u001b[2m:120:14)\u001b[22m\u001b[2m\u001b[22m\n\n\u001b[1m\u001b[31m  \u001b[1m● \u001b[22m\u001b[1mFull Integration Test: Upload → Index → Search → Graph › Phase 5: Knowledge Graph & Links › should get timeline data\u001b[39m\u001b[22m\n\n    expected 200 \"OK\", got 401 \"Unauthorized\"\n\u001b[2m\u001b[22m\n\u001b[2m    \u001b[0m \u001b[90m 201 |\u001b[39m                 \u001b[33m.\u001b[39m\u001b[36mget\u001b[39m(\u001b[32m'/api/timeline'\u001b[39m)\u001b[22m\n\u001b[2m     \u001b[90m 202 |\u001b[39m                 \u001b[33m.\u001b[39m\u001b[36mset\u001b[39m(\u001b[32m'Authorization'\u001b[39m\u001b[33m,\u001b[39m \u001b[32m`Bearer ${authToken}`\u001b[39m)\u001b[22m\n\u001b[2m    \u001b[31m\u001b[1m>\u001b[22m\u001b[2m\u001b[39m\u001b[90m 203 |\u001b[39m                 \u001b[33m.\u001b[39mexpect(\u001b[35m200\u001b[39m)\u001b[33m;\u001b[39m\u001b[22m\n\u001b[2m     \u001b[90m     |\u001b[39m                  \u001b[31m\u001b[1m^\u001b[22m\u001b[2m\u001b[39m\u001b[22m\n\u001b[2m     \u001b[90m 204 |\u001b[39m\u001b[22m\n\u001b[2m     \u001b[90m 205 |\u001b[39m             expect(\u001b[33mArray\u001b[39m\u001b[33m.\u001b[39misArray(res\u001b[33m.\u001b[39mbody))\u001b[33m.\u001b[39mtoBe(\u001b[36mtrue\u001b[39m)\u001b[33m;\u001b[39m\u001b[22m\n\u001b[2m     \u001b[90m 206 |\u001b[39m         })\u001b[33m;\u001b[39m\u001b[0m\u001b[22m\n\u001b[2m\u001b[22m\n\u001b[2m      \u001b[2mat Object.expect (\u001b[22m\u001b[2m\u001b[0m\u001b[36mtests/integration.test.js\u001b[39m\u001b[0m\u001b[2m:203:18)\u001b[22m\u001b[2m\u001b[22m\n\u001b[2m      ----\u001b[22m\n\u001b[2m      \u001b[2mat Test._assertStatus (\u001b[22m\u001b[2m\u001b[0m\u001b[36mnode_modules/supertest/lib/test.js\u001b[39m\u001b[0m\u001b[2m:252:14)\u001b[22m\u001b[2m\u001b[22m\n\u001b[2m      \u001b[2mat \u001b[22m\u001b[2m\u001b[0m\u001b[36mnode_modules/supertest/lib/test.js\u001b[39m\u001b[0m\u001b[2m:308:13\u001b[22m\u001b[2m\u001b[22m\n\u001b[2m      \u001b[2mat Test._assertFunction (\u001b[22m\u001b[2m\u001b[0m\u001b[36mnode_modules/supertest/lib/test.js\u001b[39m\u001b[0m\u001b[2m:285:13)\u001b[22m\u001b[2m\u001b[22m\n\u001b[2m      \u001b[2mat Test.assert (\u001b[22m\u001b[2m\u001b[0m\u001b[36mnode_modules/supertest/lib/test.js\u001b[39m\u001b[0m\u001b[2m:164:23)\u001b[22m\u001b[2m\u001b[22m\n\u001b[2m      \u001b[2mat Server.localAssert (\u001b[22m\u001b[2m\u001b[0m\u001b[36mnode_modules/supertest/lib/test.js\u001b[39m\u001b[0m\u001b[2m:120:14)\u001b[22m\u001b[2m\u001b[22m\n\n\u001b[1m\u001b[31m  \u001b[1m● \u001b[22m\u001b[1mFull Integration Test: Upload → Index → Search → Graph › Phase 6: Admin Functions › should get system status\u001b[39m\u001b[22m\n\n    \u001b[2mexpect(\u001b[22m\u001b[31mreceived\u001b[39m\u001b[2m).\u001b[22mtoHaveProperty\u001b[2m(\u001b[22m\u001b[32mpath\u001b[39m\u001b[2m)\u001b[22m\n\n    Expected path: \u001b[32m\"counts\"\u001b[39m\n    Received path: \u001b[31m[]\u001b[39m\n\n    Received value: \u001b[31m{\"db\": \"connected\", \"ok\": true, \"status\": \"running\", \"timestamp\": \"2026-03-05T13:06:53.150Z\", \"uptime\": 8, \"version\": \"1.0.0\"}\u001b[39m\n\u001b[2m\u001b[22m\n\u001b[2m    \u001b[0m \u001b[90m 214 |\u001b[39m                 \u001b[33m.\u001b[39mexpect(\u001b[35m200\u001b[39m)\u001b[33m;\u001b[39m\u001b[22m\n\u001b[2m     \u001b[90m 215 |\u001b[39m\u001b[22m\n\u001b[2m    \u001b[31m\u001b[1m>\u001b[22m\u001b[2m\u001b[39m\u001b[90m 216 |\u001b[39m             expect(res\u001b[33m.\u001b[39mbody)\u001b[33m.\u001b[39mtoHaveProperty(\u001b[32m'counts'\u001b[39m)\u001b[33m;\u001b[39m\u001b[22m\n\u001b[2m     \u001b[90m     |\u001b[39m                              \u001b[31m\u001b[1m^\u001b[22m\u001b[2m\u001b[39m\u001b[22m\n\u001b[2m     \u001b[90m 217 |\u001b[39m             expect(res\u001b[33m.\u001b[39mbody\u001b[33m.\u001b[39mcounts)\u001b[33m.\u001b[39mtoHaveProperty(\u001b[32m'fragments'\u001b[39m)\u001b[33m;\u001b[39m\u001b[22m\n\u001b[2m     \u001b[90m 218 |\u001b[39m             expect(res\u001b[33m.\u001b[39mbody\u001b[33m.\u001b[39mcounts)\u001b[33m.\u001b[39mtoHaveProperty(\u001b[32m'sources'\u001b[39m)\u001b[33m;\u001b[39m\u001b[22m\n\u001b[2m     \u001b[90m 219 |\u001b[39m             expect(res\u001b[33m.\u001b[39mbody\u001b[33m.\u001b[39mcounts\u001b[33m.\u001b[39mfragments)\u001b[33m.\u001b[39mtoBeGreaterThan(\u001b[35m0\u001b[39m)\u001b[33m;\u001b[39m\u001b[0m\u001b[22m\n\u001b[2m\u001b[22m\n\u001b[2m      \u001b[2mat Object.toHaveProperty (\u001b[22m\u001b[2m\u001b[0m\u001b[36mtests/integration.test.js\u001b[39m\u001b[0m\u001b[2m:216:30)\u001b[22m\u001b[2m\u001b[22m\n\n\u001b[1m\u001b[31m  \u001b[1m● \u001b[22m\u001b[1mFull Integration Test: Upload → Index → Search → Graph › Phase 6: Admin Functions › should get admin status\u001b[39m\u001b[22m\n\n    expected 200 \"OK\", got 401 \"Unauthorized\"\n\u001b[2m\u001b[22m\n\u001b[2m    \u001b[0m \u001b[90m 224 |\u001b[39m                 \u001b[33m.\u001b[39m\u001b[36mget\u001b[39m(\u001b[32m'/api/admin/status'\u001b[39m)\u001b[22m\n\u001b[2m     \u001b[90m 225 |\u001b[39m                 \u001b[33m.\u001b[39m\u001b[36mset\u001b[39m(\u001b[32m'Authorization'\u001b[39m\u001b[33m,\u001b[39m \u001b[32m`Bearer ${authToken}`\u001b[39m)\u001b[22m\n\u001b[2m    \u001b[31m\u001b[1m>\u001b[22m\u001b[2m\u001b[39m\u001b[90m 226 |\u001b[39m                 \u001b[33m.\u001b[39mexpect(\u001b[35m200\u001b[39m)\u001b[33m;\u001b[39m\u001b[22m\n\u001b[2m     \u001b[90m     |\u001b[39m                  \u001b[31m\u001b[1m^\u001b[22m\u001b[2m\u001b[39m\u001b[22m\n\u001b[2m     \u001b[90m 227 |\u001b[39m\u001b[22m\n\u001b[2m     \u001b[90m 228 |\u001b[39m             expect(res\u001b[33m.\u001b[39mbody)\u001b[33m.\u001b[39mtoHaveProperty(\u001b[32m'totalFragments'\u001b[39m)\u001b[33m;\u001b[39m\u001b[22m\n\u001b[2m     \u001b[90m 229 |\u001b[39m             expect(res\u001b[33m.\u001b[39mbody)\u001b[33m.\u001b[39mtoHaveProperty(\u001b[32m'totalSources'\u001b[39m)\u001b[33m;\u001b[39m\u001b[0m\u001b[22m\n\u001b[2m\u001b[22m\n\u001b[2m      \u001b[2mat Object.expect (\u001b[22m\u001b[2m\u001b[0m\u001b[36mtests/integration.test.js\u001b[39m\u001b[0m\u001b[2m:226:18)\u001b[22m\u001b[2m\u001b[22m\n\u001b[2m      ----\u001b[22m\n\u001b[2m      \u001b[2mat Test._assertStatus (\u001b[22m\u001b[2m\u001b[0m\u001b[36mnode_modules/supertest/lib/test.js\u001b[39m\u001b[0m\u001b[2m:252:14)\u001b[22m\u001b[2m\u001b[22m\n\u001b[2m      \u001b[2mat \u001b[22m\u001b[2m\u001b[0m\u001b[36mno
[...]
1b[39m \u001b[35m500\u001b[39m])\u001b[33m.\u001b[39mtoContain(res\u001b[33m.\u001b[39mstatus)\u001b[33m;\u001b[39m\u001b[22m\n\u001b[2m     \u001b[90m     |\u001b[39m                                     \u001b[31m\u001b[1m^\u001b[22m\u001b[2m\u001b[39m\u001b[22m\n\u001b[2m     \u001b[90m 306 |\u001b[39m             expect(res\u001b[33m.\u001b[39mbody)\u001b[33m.\u001b[39mtoBeDefined()\u001b[33m;\u001b[39m\u001b[22m\n\u001b[2m     \u001b[90m 307 |\u001b[39m         })\u001b[33m;\u001b[39m\u001b[22m\n\u001b[2m     \u001b[90m 308 |\u001b[39m     })\u001b[33m;\u001b[39m\u001b[0m\u001b[22m\n\u001b[2m\u001b[22m\n\u001b[2m      \u001b[2mat Object.toContain (\u001b[22m\u001b[2m\u001b[0m\u001b[36mtests/admin-tools.test.js\u001b[39m\u001b[0m\u001b[2m:305:37)\u001b[22m\u001b[2m\u001b[22m\n","name":"D:\\Echolink\\backend\\tests\\admin-tools.test.js","startTime":1772716004887,"status":"failed","summary":""},{"assertionResults":[{"ancestorTitles":["Auth flows","registration and login"],"duration":1128,"failureDetails":[],"failureMessages":[],"fullName":"Auth flows registration and login existing user returns tokens on register","invocations":1,"location":null,"numPassingAsserts":6,"retryReasons":[],"status":"passed","title":"existing user returns tokens on register"},{"ancestorTitles":["Auth flows","registration and login"],"duration":23,"failureDetails":[{"matcherResult":{"actual":401,"expected":200,"message":"\u001b[2mexpect(\u001b[22m\u001b[31mreceived\u001b[39m\u001b[2m).\u001b[22mtoBe\u001b[2m(\u001b[22m\u001b[32mexpected\u001b[39m\u001b[2m) // Object.is equality\u001b[22m\n\nExpected: \u001b[32m200\u001b[39m\nReceived: \u001b[31m401\u001b[39m","name":"toBe","pass":false}}],"failureMessages":["Error: \u001b[2mexpect(\u001b[22m\u001b[31mreceived\u001b[39m\u001b[2m).\u001b[22mtoBe\u001b[2m(\u001b[22m\u001b[32mexpected\u001b[39m\u001b[2m) // Object.is equality\u001b[22m\n\nExpected: \u001b[32m200\u001b[39m\nReceived: \u001b[31m401\u001b[39m\n    at Object.toBe (D:\\Echolink\\backend\\tests\\auth.test.js:91:30)\n    at processTicksAndRejections (node:internal/process/task_queues:105:5)"],"fullName":"Auth flows registration and login login returns access token and sets refresh cookie","invocations":1,"location":null,"numPassingAsserts":0,"retryReasons":[],"status":"failed","title":"login returns access token and sets refresh cookie"},{"ancestorTitles":["Auth flows","token refresh"],"duration":12,"failureDetails":[{"matcherResult":{"actual":401,"expected":200,"message":"\u001b[2mexpect(\u001b[22m\u001b[31mreceived\u001b[39m\u001b[2m).\u001b[22mtoBe\u001b[2m(\u001b[22m\u001b[32mexpected\u001b[39m\u001b[2m) // Object.is equality\u001b[22m\n\nExpected: \u001b[32m200\u001b[39m\nReceived: \u001b[31m401\u001b[39m","name":"toBe","pass":false}}],"failureMessages":["Error: \u001b[2mexpect(\u001b[22m\u001b[31mreceived\u001b[39m\u001b[2m).\u001b[22mtoBe\u001b[2m(\u001b[22m\u001b[32mexpected\u001b[39m\u001b[2m) // Object.is equality\u001b[22m\n\nExpected: \u001b[32m200\u001b[39m\nReceived: \u001b[31m401\u001b[39m\n    at Object.toBe (D:\\Echolink\\backend\\tests\\auth.test.js:106:35)\n    at processTicksAndRejections (node:internal/process/task_queues:105:5)"],"fullName":"Auth flows token refresh refresh rotates token and returns new access token","invocations":1,"location":null,"numPassingAsserts":0,"retryReasons":[],"status":"failed","title":"refresh rotates token and returns new access token"},{"ancestorTitles":["Auth flows","password reset"],"duration":11,"failureDetails":[{"matcherResult":{"actual":404,"expected":200,"message":"\u001b[2mexpect(\u001b[22m\u001b[31mreceived\u001b[39m\u001b[2m).\u001b[22mtoBe\u001b[2m(\u001b[22m\u001b[32mexpected\u001b[39m\u001b[2m) // Object.is equality\u001b[22m\n\nExpected: \u001b[32m200\u001b[39m\nReceived: \u001b[31m404\u001b[39m","name":"toBe","pass":false}}],"failureMessages":["Error: \u001b[2mexpect(\u001b[22m\u001b[31mreceived\u001b[39m\u001b[2m).\u001b[22mtoBe\u001b[2m(\u001b[22m\u001b[32mexpected\u001b[39m\u001b[2m) // Object.is equality\u001b[22m\n\nExpected: \u001b[32m200\u001b[39m\nReceived: \u001b[31m404\u001b[39m\n    at Object.toBe (D:\\Echolink\\backend\\tests\\auth.test.js:136:35)\n    at processTicksAndRejections (node:internal/process/task_queues:105:5)"],"fullName":"Auth flows password reset request password reset returns token (demo behaviour) and reset works","invocations":1,"location":null,"numPassingAsserts":0,"retryReasons":[],"status":"failed","title":"request password reset returns token (demo behaviour) and reset works"},{"ancestorTitles":["Auth flows","email verification"],"duration":19,"failureDetails":[{"matcherResult":{"actual":404,"expected":200,"message":"\u001b[2mexpect(\u001b[22m\u001b[31mreceived\u001b[39m\u001b[2m).\u001b[22mtoBe\u001b[2m(\u001b[22m\u001b[32mexpected\u001b[39m\u001b[2m) // Object.is equality\u001b[22m\n\nExpected: \u001b[32m200\u001b[39m\nReceived: \u001b[31m404\u001b[39m","name":"toBe","pass":false}}],"failureMessages":["Error: \u001b[2mexpect(\u001b[22m\u001b[31mreceived\u001b[39m\u001b[2m).\u001b[22mtoBe\u001b[2m(\u001b[22m\u001b[32mexpected\u001b[39m\u001b[2m) // Object.is equality\u001b[22m\n\nExpected: \u001b[32m200\u001b[39m\nReceived: \u001b[31m404\u001b[39m\n    at Object.toBe (D:\\Echolink\\backend\\tests\\auth.test.js:168:36)\n    at processTicksAndRejections (node:internal/process/task_queues:105:5)"],"fullName":"Auth flows email verification email verification demo flow","invocations":1,"location":null,"numPassingAsserts":0,"retryReasons":[],"status":"failed","title":"email verification demo flow"},{"ancestorTitles":["Auth flows","logout"],"duration":10,"failureDetails":[{"matcherResult":{"actual":401,"expected":200,"message":"\u001b[2mexpect(\u001b[22m\u001b[31mreceived\u001b[39m\u001b[2m).\u001b[22mtoBe\u001b[2m(\u001b[22m\u001b[32mexpected\u001b[39m\u001b[2m) // Object.is equality\u001b[22m\n\nExpected: \u001b[32m200\u001b[39m\nReceived: \u001b[31m401\u001b[39m","name":"toBe","pass":false}}],"failureMessages":["Error: \u001b[2mexpect(\u001b[22m\u001b[31mreceived\u001b[39m\u001b[2m).\u001b[22mtoBe\u001b[2m(\u001b[22m\u001b[32mexpected\u001b[39m\u001b[2m) // Object.is equality\u001b[22m\n\nExpected: \u001b[32m200\u001b[39m\nReceived: \u001b[31m401\u001b[39m\n    at Object.toBe (D:\\Echolink\\backend\\tests\\auth.test.js:192:35)\n    at processTicksAndRejections (node:internal/process/task_queues:105:5)"],"fullName":"Auth flows logout logout revokes refresh token and clears cookie","invocations":1,"location":null,"numPassingAsserts":0,"retryReasons":[],"status":"failed","title":"logout revokes refresh token and clears cookie"}],"endTime":1772716016175,"message":"\u001b[1m\u001b[31m  \u001b[1m● \u001b[22m\u001b[1mAuth flows › registration and login › login returns access token and sets refresh cookie\u001b[39m\u001b[22m\n\n    \u001b[2mexpect(\u001b[22m\u001b[31mreceived\u001b[39m\u001b[2m).\u001b[22mtoBe\u001b[2m(\u001b[22m\u001b[32mexpected\u001b[39m\u001b[2m) // Object.is equality\u001b[22m\n\n    Expected: \u001b[32m200\u001b[39m\n    Received: \u001b[31m401\u001b[39m\n\u001b[2m\u001b[22m\n\u001b[2m    \u001b[0m \u001b[90m 89 |\u001b[39m         \u001b[33m.\u001b[39msend({ email\u001b[33m:\u001b[39m testUser\u001b[33m.\u001b[39memail\u001b[33m,\u001b[39m password\u001b[33m:\u001b[39m testUser\u001b[33m.\u001b[39mpassword })\u001b[33m;\u001b[39m\u001b[22m\n\u001b[2m     \u001b[90m 90 |\u001b[39m\u001b[22m\n\u001b[2m    \u001b[31m\u001b[1m>\u001b[22m\u001b[2m\u001b[39m\u001b[90m 91 |\u001b[39m       expect(res\u001b[33m.\u001b[39mstatusCode)\u001b[33m.\u001b[39mtoBe(\u001b[35m200\u001b[39m)\u001b[33m;\u001b[39m\u001b[22m\n\u001b[2m     \u001b[90m    |\u001b[39m                              \u001b[31m\u001b[1m^\u001b[22m\u001b[2m\u001b[39m\u001b[22m\n\u001b[2m     \u001b[90m 92 |\u001b[39m       expect(res\u001b[33m.\u001b[39mbody\u001b[33m.\u001b[39mtokens\u001b[33m.\u001b[39maccess)\u001b[33m.\u001b[39mtoBeDefined()\u001b[33m;\u001b[39m\u001b[22m\n\u001b[2m     \u001b[90m 93 |\u001b[39m       expect(res\u001b[33m.\u001b[39mheaders[\u001b[32m'set-cookie'\u001b[39m])\u001b[33m.\u001b[39mtoBeDefined()\u001b[33m;\u001b[39m\u001b[22m\n\u001b[2m     \u001b[90m 94 |\u001b[39m       expect(res\u001b[33m.\u001b[39mheaders[\u001b[32m'set-cookie'\u001b[39m]\u001b[33m.\u001b[39msome(c \u001b[33m=>\u001b[39m c\u001b[33m.\u001b[39mstartsWith(\u001b[32m'refreshToken='\u001b[39m)))\u001b[33m.\u001b[39mtoBeTruthy()\u001b[33m;\u001b[39m\u001b[0m\u001b[22m\n\u001b[2m\u001b[22m\n\u001b[2m      \u001b[2mat Object.toBe (\u001b[22m\u001b[2m\u001b[0m\u001b[36mtests/auth.test.js\u001b[39m\u001b[0m\u001b[2m:91:30)\u001b[22m\u001b[2m\u001b[22m\n\n\u001b[1m\u001b[31m  \u001b[1m● \u001b[22m\u001b[1mAuth flows › token refresh › refresh rotates token and returns new access token\u001b[39m\u001b[22m\n\n    \u001b[2mexpect(\u001b[22m\u001b[31mreceived\u001b[39m\u001b[2m).\u001b[22mtoBe\u001b[2m(\u001b[22m\u001b[32mexpected\u001b[39m\u001b[2m) // Object.is equality\u001b[22m\n\n    Expected: \u001b[32m200\u001b[39m\n    Received: \u001b[31m401\u001b[39m\n\u001b[2m\u001b[22m\n\u001b[2m    \u001b[0m \u001b[90m 104 |\u001b[39m         \u001b[33m.\u001b[39mpost(\u001b[32m'/api/auth/login'\u001b[39m)\u001b[22m\n\u001b[2m     \u001b[90m 105 |\u001b[39m         \u001b[33m.\u001b[39msend({ email\u001b[33m:\u001b[39m testUser\u001b[33m.\u001b[39memail\u001b[33m,\u001b[39m password\u001b[33m:\u001b[39m testUser\u001b[33m.\u001b[39mpassword })\u001b[33m;\u001b[39m\u001b[22m\n\u001b[2m    \u001b[31m\u001b[1m>\u001b[22m\u001b[2m\u001b[39m\u001b[90m 106 |\u001b[39m       expect(loginRes\u001b[33m.\u001b[39mstatusCode)\u001b[33m.\u001b[39mtoBe(\u001b[35m200\u001b[39m)\u001b[33m;\u001b[39m\u001b[22m\n\u001b[2m     \u001b[90m     |\u001b[39m                                   \u001b[31m\u001b[1m^\u001b[22m\u001b[2m\u001b[39m\u001b[22m\n\u001b[2m     \u001b[90m 107 |\u001b[39m       expect(loginRes\u001b[33m.\u001b[39mheaders[\u001b[32m'set-cookie'\u001b[39m])\u001b[33m.\u001b[39mtoBeDefined()\u001b[33m;\u001b[39m\u001b[22m\n\u001b[2m     \u001b[90m 108 |\u001b[39m       \u001b[22m\n\u001b[2m     \u001b[90m 109 |\u001b[39m       \u001b[90m// Call refresh-tokens endpoint (agent will handle the cookie)\u001b[39m\u001b[0m\u001b[22m\n\u001b[2m\u001b[22m\n\u001b[2m      \u001b[2mat Object.toBe (\u001b[22m\u001b[2m\u001b[0m\u001b[36mtests/auth.test.js\u001b[39m\u001b[0m\u001b[2m:106:35)\u001b[22m\u001b[2m\u001b[22m\n\n\u001b[1m\u001b[31m  \u001b[1m● \u001b[22m\u001b[1mAuth flows › password reset › request password reset returns token (demo behaviour) and reset works\u001b[39m\u001b[22m\n\n    \u001b[2mexpect(\u001b[22m\u001b[31mreceived\u001b[39m\u001b[2m).\u001b[22mtoBe\u001b[2m(\u001b[22m\u001b[32mexpected\u001b[39m\u001b[2m) // Object.is equality\u001b[22m\n\n    Expected: \u001b[32m200\u001b[39m\n    Received: \u001b[31m404\u001b[39m\n\u001b[2m\u001b[22m\n\u001b[2m    \u001b[0m \u001b[90m 134 |\u001b[39m         \u001b[33m.\u001b[39mpost(\u001b[32m'/api/auth/request-password-reset'\u001b[39m)\u001b[22m\n\u001b[2m     \u001b[90m 135 |\u001b[39m         \u001b[33m.\u001b[39msend({ email\u001b[33m:\u001b[39m testUser\u001b[33m.\u001b[39memail })\u001b[33m;\u001b[39m\u001b[22m\n\u001b[2m    \u001b[31m\u001b[1m>\u001b[22m\u001b[2m\u001b[39m\u001b[90m 136 |\u001b[39m       expect(resetReq\u001b[33m.\u001b[39mstatusCode)\u001b[33m.\u001b[39mtoBe(\u001b[35m200\u001b[39m)\u001b[33m;\u001b[39m\u001b[22m\n\u001b[2m     \u001b[90m     |\u001b[39m                                   \u001b[31m\u001b[1m^\u001b[22m\u001b[2m\u001b[39m\u001b[22m\n\u001b[2m     \u001b[90m 137 |\u001b[39m       expect(resetReq\u001b[33m.\u001b[39mbody\u001b[33m.\u001b[39mtoken)\u001b[33m.\u001b[39mtoBeDefined()\u001b[33m;\u001b[39m\u001b[22m\n\u001b[2m     \u001b[90m 138 |\u001b[39m       \u001b[36mconst\u001b[39m resetToken \u001b[33m=\u001b[39m resetReq\u001b[33m.\u001b[39mbody\u001b[33m.\u001b[39mtoken\u001b[33m;\u001b[39m\u001b[22m\n\u001b[2m     \u001b[90m 139 |\u001b[39m\u001b[0m\u001b[22m\n\u001b[2m\u001b[22m\n\u001b[2m      \u001b[2mat Object.toBe (\u001b[22m\u001b[2m\u001b[0m\u001b[36mtests/auth.test.js\u001b[39m\u001b[0m\u001b[2m:136:35)\u001b[22m\u001b[2m\u001b[22m\n\n\u001b[1m\u001b[31m  \u001b[1m● \u001b[22m\u001b[1mAuth flows › email verification › email verification demo flow\u001b[39m\u001b[22m\n\n    \u001b[2mexpect(\u001b[22m\u001b[31mreceived\u001b[39m\u001b[2m).\u001b[22mtoBe\u001b[2m(\u001b[22m\u001b[32mexpected\u001b[39m\u001b[2m) // Object.is equality\u001b[22m\n\n    Expected: \u001b[32m200\u001b[39m\n    Received: \u001b[31m404\u001b[39m\n\u001b[2m\u001b[22m\n\u001b[2m    \u001b[0m \u001b[90m 166 |\u001b[39m         \u001b[33m.\u001b[39mpost(\u001b[32m'/api/auth/request-email-verification'\u001b[39m)\u001b[22m\n\u001b[2m     \u001b[90m 167 |\u001b[39m         \u001b[33m.\u001b[39msend({ email\u001b[33m:\u001b[39m testUser\u001b[33m.\u001b[39memail })\u001b[33m;\u001b[39m\u001b[22m\n\u001b[2m    \u001b[31m\u001b[1m>\u001b[22m\u001b[2m\u001b[39m\u001b[90m 168 |\u001b[39m       expect(verifyReq\u001b[33m.\u001b[39mstatusCode)\u001b[33m.\u001b[39mtoBe(\u001b[35m200\u001b[39m)\u001b[33m;\u001b[39m\u001b[22m\n\u001b[2m     \u001b[90m     |\u001b[39m                                    \u001b[31m\u001b[1m^\u001b[22m\u001b[2m\u001b[39m\u001b[22m\n\u001b[2m     \u001b[90m 169 |\u001b[39m       expect(verifyReq\u001b[33m.\u001b[39mbody\u001b[33m.\u001b[39mtoken)\u001b[33m.\u001b[39mtoBeDefined()\u001b[33m;\u001b[39m\u001b[22m\n\u001b[2m     \u001b[90m 170 |\u001b[39m       \u001b[36mconst\u001b[39m verifyToken \u001b[33m=\u001b[39m verifyReq\u001b[33m.\u001b[39mbody\u001b[33m.\u001b[39mtoken\u001b[33m;\u001b[39m\u001b[22m\n\u001b[2m     \u001b[90m 171 |\u001b[39m\u001b[0m\u001b[22m\n\u001b[2m\u001b[22m\n\u001b[2m      \u001b[2mat Object.toBe (\u001b[22m\u001b[2m\u001b[0m\u001b[36mtests/auth.test.js\u001b[39m\u001b[0m\u001b[2m:168:36)\u001b[22m\u001b[2m\u001b[22m\n\n\u001b[1m\u001b[31m  \u001b[1m● \u001b[22m\u001b[1mAuth flows › logout › logout revokes refresh token and clears cookie\u001b[39m\u001b[22m\n\n    \u001b[2mexpect(\u001b[22m\u001b[31mreceived\u001b[39m\u001b[2m).\u001b[22mtoBe\u001b[2m(\u001b[22m\u001b[32mexpected\u001b[39m\u001b[2m) // Object.is equality\u001b[22m\n\n    Expected: \u001b[32m200\u001b[39m\n    Received: \u001b[31m401\u001b[39m\n\u001b[2m\u001b[22m\n\u001b[2m    \u001b[0m \u001b[90m 190 |\u001b[39m         \u001b[33m.\u001b[39mpost(\u001b[32m'/api/auth/login'\u001b[39m)\u001b[22m\n\u001b[2m     \u001b[90m 191 |\u001b[39m         \u001b[33m.\u001b[39msend({ email\u001b[33m:\u001b[39m testUser\u001b[33m.\u001b[39memail\u001b[33m,\u001b[39m password\u001b[33m:\u001b[39m testUser\u001b[33m.\u001b[39mpassword })\u001b[33m;\u001b[39m\u001b[22m\n\u001b[2m    \u001b[31m\u001b[1m>\u001b[22m\u001b[2m\u001b[39m\u001b[90m 192 |\u001b[39m       expect(loginRes\u001b[33m.\u001b[39mstatusCode)\u001b[33m.\u001b[39mtoBe(\u001b[35m200\u001b[39m)\u001b[33m;\u001b[39m\u001b[22m\n\u001b[2m     \u001b[90m     |\u001b[39m                                   \u001b[31m\u001b[1m^\u001b[22m\u001b[2m\u001b[39m\u001b[22m\n\u001b[2m     \u001b[90m 193 |\u001b[39m       expect(loginRes\u001b[33m.\u001b[39mheaders[\u001b[32m'set-cookie'\u001b[39m])\u001b[33m.\u001b[39mtoBeDefined()\u001b[33m;\u001b[39m\u001b[22m\n\u001b[2m     \u001b[90m 194 |\u001b[39m       \u001b[36mconst\u001b[39m cookie \u001b[33m=\u001b[39m loginRes\u001b[33m.\u001b[39mheaders[\u001b[32m'set-cookie'\u001b[39m]\u001b[33m;\u001b[39m\u001b[22m\n\u001b[2m     \u001b[90m 195 |\u001b[39m       \u001b[0m\u001b[22m\n\u001b[2m\u001b[22m\n\u001b[2m      \u001b[2mat Object.toBe (\u001b[22m\u001b[2m\u001b[0m\u001b[36mtests/auth.test.js\u001b[39m\u001b[0m\u001b[2m:192:35)\u001b[22m\u001b[2m\u001b[22m\n","name":"D:\\Echolink\\backend\\tests\\auth.test.js","startTime":1772716004888,"status":"failed","summary":""},{"assertionResults":[{"ancestorTitles":["Query Endpoint","POST /api/query"],"duration":311,"failureDetails":[{}],"failureMessages":["TypeError: Cannot read properties of undefined (reading 'access')\n    at Object.access (D:\\Echolink\\backend\\tests\\query.test.js:49:41)\n    at processTicksAndRejections (node:internal/process/task_queues:105:5)"],"fullName":"Query Endpoint POST /api/query should search fragments and return results with summary","invocations":1,"location":null,"numPassingAsserts":0,"retryReasons":[],"status":"failed","title":"should search fragments and return results with summary"},{"ancestorTitles":["Query Endpoint","POST /api/query"],"duration":1858,"failureDetails":[],"failureMessages":[],"fullName":"Query Endpoint POST /api/query should return empty results for no matches","invocations":1,"location":null,"numPassingAsserts":3,"retryReasons":[],"status":"passed","title":"should return empty results for no matches"},{"ancestorTitles":["Query Endpoint","POST /api/query"],"duration":106,"failureDetails":[],"failureMessages":[],"fullName":"Query Endpoint POST /api/query should require authentication","invocations":1,"location":null,"numPassingAsserts":1,"retryReasons":[],"status":"passed","title":"should require authentication"},{"ancestorTitles":["Query Endpoint","POST /api/query"],"duration":109,"failureDetails":[],"failureMessages":[],"fullName":"Query Endpoint POST /api/query should require query parameter","invocations":1,"location":null,"numPassingAsserts":1,"retryReasons":[],"status":"passed","title":"should require query parameter"},{"ancestorTitles":["Query Endpoint","POST /api/query"],"duration":1751,"failureDetails":[],"failureMessages":[],"fullName":"Query Endpoint POST /api/query should only return user's own fragments","invocations":1,"location":null,"numPassingAsserts":1,"retryReasons":[],"status":"passed","title":"should only return user's own fragments"},{"ancestorTitles":["Query Endpoint","POST /api/query"],"duration":110,"failureDetails":[],"failureMessages":[],"fullName":"Query Endpoint POST /api/query should build timeline from fragment dates","invocations":1,"location":null,"numPassingAsserts":3,"retryReasons":[],"status":"passed","title":"should build timeline from fragment dates"},{"ancestorTitles":["Query Endpoint","POST /api/query"],"duration":119,"failureDetails":[],"failureMessages":[],"fullName":"Query Endpoint POST /api/query should build graph nodes from fragments","invocations":1,"location":null,"numPassingAsserts":2,"retryReasons":[],"status":"passed","title":"should build graph nodes from fragments"}],"endTime":1772716017025,"message":"\u001b[1m\u001b[31m  \u001b[1m● \u001b[22m\u001b[1mQuery Endpoint › POST /api/query › should search fragments and return results with summary\u001b[39m\u001b[22m\n\n    TypeError: Cannot read properties of undefined (reading 'access')\n\u001b[2m\u001b[22m\n\u001b[2m    \u001b[0m \u001b[90m 47 |\u001b[39m\u001b[22m\n\u001b[2m     \u001b[90m 48 |\u001b[39m     testUser \u001b[33m=\u001b[39m registerRes\u001b[33m.\u001b[39mbody\u001b[33m.\u001b[39muser\u001b[33m;\u001b[39m\u001b[22m\n\u001b[2m    \u001b[31m\u001b[1m>\u001b[22m\u001b[2m\u001b[39m\u001b[90m 49 |\u001b[39m     testToken \u001b[33m=\u001b[39m registerRes\u001b[33m.\u001b[39mbody\u001b[33m.\u001b[39mtokens\u001b[33m.\u001b[39maccess\u001b[33m.\u001b[39mtoken\u001b[33m;\u001b[39m\u001b[22m\n\u001b[2m     \u001b[90m    |\u001b[39m                                         \u001b[31m\u001b[1m^\u001b[22m\u001b[2m\u001b[39m\u001b[22m\n\u001b[2m     \u001b[90m 50 |\u001b[39m\u001b[22m\n\u001b[2m     \u001b[90m 51 |\u001b[39m     \u001b[90m// Reset mocks\u001b[39m\u001b[22m\n\u001b[2m     \u001b[90m 52 |\u001b[39m     jest\u001b[33m.\u001b[39mclearAllMocks()\u001b[33m;\u001b[39m\u001b[0m\u001b[22m\n\u001b[2m\u001b[22m\n\u001b[2m      \u001b[2mat Object.access (\u001b[22m\u001b[2m\u001b[0m\u001b[36mtests/query.test.js\u001b[39m\u001b[0m\u001b[2m:49:41)\u001b[22m\u001b[2m\u001b[22m\n","name":"D:\\Echolink\\backend\\tests\\query.test.js","startTime":1772716004886,"status":"failed","summary":""}],"wasInterrupted":false}
